         w __deregister_frame_info
         w __register_frame_info
         w __syscall_lock_close_recursive
         w userAppExit
         w userAppInit
00000000 00000802 B __ctru_dev_utf16_buf
00000000 b _TLS_MODULE_BASE_
00000000 a shift
00000804 00000401 B __ctru_dev_path_buf
00100000 A __start__
00100000 T _start
00100008 T __service_ptr
0010000c T __apt_appid
00100010 T __heap_size
00100014 T __linear_heap_size
00100018 T __system_arglist
0010001c T __system_runflags
00100020 t startup
00100058 t ClearMem
0010006c t ClrLoop
00100094 T _init
001000ac t .udivsi3_skip_div0_test
001000ac T __aeabi_uidiv
001000ac 000001ec T __udivsi3
00100298 00000020 T __aeabi_uidivmod
001002b8 00000004 W __aeabi_idiv0
001002b8 00000004 W __aeabi_ldiv0
001002bc T __aeabi_drsub
001002c4 000002b0 T __aeabi_dsub
001002c4 000002b0 T __subdf3
001002c8 000002ac T __adddf3
001002c8 000002ac T __aeabi_dadd
00100574 00000024 T __aeabi_ui2d
00100574 00000024 T __floatunsidf
00100598 00000028 T __aeabi_i2d
00100598 00000028 T __floatsidf
001005c0 00000048 T __aeabi_f2d
001005c0 00000048 T __extendsfdf2
00100608 00000074 T __aeabi_ul2d
00100608 00000074 T __floatundidf
0010061c 00000060 T __aeabi_l2d
0010061c 00000060 T __floatdidf
0010067c T __aeabi_ldivmod
00100768 00000390 T strcmp
00100af0 t __do_global_dtors_aux
00100b30 t frame_dummy
00100b60 00000a6c T init_player
001015cc 00000250 T Init_BG
0010181c 00000138 T rotacionDelFondo
00101958 0000011c T draw_bullets_bot
00101a78 00000114 T draw_bullets_top
00101b90 000000ac T draw_lasers_top
00101c40 000000ac T draw_lasers_bot
00101cf0 00000294 T orb_movement
00101f84 00000058 T orb_logic
00101fdc 0000005c T draw_orbs
00102038 00000088 T spawn_enemy_ship
001020c0 000001b0 T player_logic
00102270 00000114 T enemy_ship_logic
00102384 00000190 T shoot_bullet
00102518 00000208 T shoot_enemy_bullet_aim
00102720 000003f0 T bullet_logic
00102b10 000000b4 T laser_logic
00102bc4 0000026c T level_1
00102e30 000000b8 T shoting
00102ee8 0000009c T shot_laser
00102f84 00000700 T main
00103688 000001c8 T initialize_object
00103850 00000008 T deinitialize_object
00103858 00000090 T update_object
001038e8 000000cc T draw_sprite_animation
001039b4 00000020 T draw_sprite_only
001039d4 00000044 t C2Di_FrameEndHook
00103a18 0000036c T C2D_Init
00103d84 0000004c T C2D_Fini
00103dd0 000000b8 T C2D_Prepare
00103e88 00000048 T C2D_Flush
00103ed0 00000104 T C2D_SceneSize
00103fd4 00000058 T C2D_CreateScreenTarget
0010402c 00000064 T C2D_TargetClear
00104090 0000013c T C2Di_CalcQuad
001041cc 00000058 T C2Di_AppendQuad
00104224 00000550 T C2Di_Update
00104774 000002b0 T C2D_DrawImage
00104a24 000001dc T C2D_DrawLine
00104c00 00000158 T C2D_DrawRectangle
00104d58 0000016c T C2D_DrawEllipse
00104ec4 0000006c T C2D_SpriteSheetLoadFromHandle
00104f30 00000048 T C2D_SpriteSheetLoad
00104f78 00000028 T C2D_SpriteSheetFree
00104fa0 00000008 T C2D_SpriteSheetCount
00104fa8 0000002c T C2D_SpriteSheetGetImage
00104fd4 00000004 W C3Di_LightEnvUpdate
00104fd8 00000004 W C3Di_LightEnvDirty
00104fdc 000000b4 t C3Di_AptEventHook
00105090 00000004 W C3Di_GasUpdate
00105094 000001e0 T C3D_Init
00105274 00000098 T C3D_SetViewport
0010530c 000004e8 T C3Di_UpdateContext
001057f4 000000e0 T C3Di_SplitFrame
001058d4 00000044 T C3D_Fini
00105918 00000114 T C3D_BindProgram
00105a2c 0000004c t onVBlank0
00105a78 0000004c t onVBlank1
00105ac4 00000080 t C3Di_RenderTargetDestroy
00105b44 000000f4 t onQueueFinish
00105c38 00000038 T C3Di_RenderQueueEnableVBlank
00105c70 00000030 T C3Di_RenderQueueDisableVBlank
00105ca0 00000060 T C3Di_RenderQueueInit
00105d00 000000b0 T C3Di_RenderQueueExit
00105db0 00000034 T C3Di_RenderQueueWaitDone
00105de4 000000e4 T C3D_FrameBegin
00105ec8 00000048 T C3D_FrameDrawOn
00105f10 00000058 T C3D_FrameSplit
00105f68 000001d8 T C3D_FrameEnd
00106140 0000001c T C3D_FrameEndHook
0010615c 00000184 T C3D_RenderTargetCreate
001062e0 000000a8 T C3D_RenderTargetSetOutput
00106388 000000fc T C3D_SyncTextureCopy
00106484 00000294 T C3D_TexInitWithParams
00106718 000000c8 T C3D_TexLoadImage
001067e0 00000044 T C3D_TexBind
00106824 00000074 T C3D_TexDelete
00106898 0000016c T C3Di_SetTex
00106a04 000003f4 t Tex3DSi_ImportCommon
00106df8 00000038 T Tex3DS_TextureImportStdio
00106e30 00000008 T Tex3DS_GetNumSubTextures
00106e38 0000001c T Tex3DS_GetSubTexture
00106e54 00000004 T Tex3DS_TextureFree
00106e58 0000001c T C3D_CalcColorBufSize
00106e74 0000001c T C3D_CalcDepthBufSize
00106e90 00000044 T C3D_SetFrameBuf
00106ed4 0000016c T C3Di_FrameBufBind
00107040 000000c8 T C3D_FrameBufClear
00107108 00000044 T C3D_FrameBufTransfer
0010714c 00000034 T C3D_GetTexEnv
00107180 00000024 T C3Di_TexEnvBind
001071a4 00000218 T C3D_DrawElements
001073bc 00000070 T C3D_ProcTexInit
0010742c 00000054 T C3D_ProcTexBind
00107480 0000005c T C3D_ProcTexLutBind
001074dc 000000a4 T ProcTexLut_FromArray
00107580 0000017c T C3Di_ProcTexUpdate
001076fc 00000068 T C3Di_ProcTexDirty
00107764 00000024 T BufInfo_Init
00107788 00000080 T BufInfo_Add
00107808 00000040 T C3D_SetBufInfo
00107848 00000048 T C3Di_BufInfoBind
00107890 00000040 T C3D_DepthMap
001078d0 0000001c T C3D_CullFace
001078ec 00000040 T C3D_StencilTest
0010792c 00000024 T C3D_StencilOp
00107950 0000001c T C3D_BlendingColor
0010796c 00000024 T C3D_EarlyDepthTest
00107990 0000002c T C3D_DepthTest
001079bc 0000002c T C3D_AlphaTest
001079e8 00000050 T C3D_AlphaBlend
00107a38 00000030 T C3D_FragOpMode
00107a68 00000044 T C3D_FragOpShadow
00107aac 000001ac T C3Di_EffectBind
00107c58 00000028 T AttrInfo_Init
00107c80 00000094 T AttrInfo_AddLoader
00107d14 00000054 T C3D_SetAttrInfo
00107d68 00000080 T C3Di_AttrInfoBind
00107de8 000000a8 T C3D_ImmSendAttrib
00107e90 00000280 T C3D_UpdateUniforms
00108110 000000c0 T C3Di_DirtyUniforms
001081d0 000000d8 T C3Di_LoadShaderUniforms
001082a8 00000028 T C3Di_ClearShaderUniforms
001082d0 000000cc T Mtx_Ortho
0010839c 000000cc T Mtx_OrthoTilt
00108468 00000024 t addrMapNodeComparator(rbtree_node const*, rbtree_node const*)
0010848c 00000004 t addrMapNodeDestructor(rbtree_node*)
00108490 00000250 T vramMemAlignAt
001086e0 0000000c T vramAlloc
001086ec 0000000c T vramAllocAt
001086f8 00000090 T vramFree
00108788 00000024 t addrMapNodeComparator(rbtree_node const*, rbtree_node const*)
001087ac 00000004 t addrMapNodeDestructor(rbtree_node*)
001087b0 00000120 T linearMemAlign
001088d0 00000008 T linearAlloc
001088d8 0000005c T linearFree
00108934 00000080 T MemPool::CoalesceRight(MemBlock*)
001089b4 0000016c T MemPool::Allocate(MemChunk&, unsigned long, int)
00108b20 000000fc T MemPool::Deallocate(MemChunk const&)
00108c1c 00000030 T MemPool::GetFreeSpace()
00108c4c 00000008 t romfs_close
00108c54 000000c0 t romfs_seek
00108d14 00000024 t romfs_dirreset
00108d38 000000c8 t fill_dir
00108e00 0000028c t romfs_dirnext
0010908c 00000084 t romfs_free
00109110 000000d4 t searchForFile.constprop.0
001091e4 000000d8 t searchForDir.constprop.0
001092bc 000001c0 t navigateToDir.constprop.0
0010947c 0000010c t romfs_open
00109588 0000004c t romfs_chdir
001095d4 00000070 t romfs_diropen
00109644 00000174 t romfs_stat
001097b8 00000008 t romfs_dirclose
001097c0 00000084 t romfs_fstat
00109844 000000d0 t romfs_read
00109914 0000028c T romfsMountFromFile
00109ba0 00000098 T romfsMountFromCurrentProcess
00109c38 00000260 T romfsMountSelf
00109e98 000000a0 T romfsUnmount
00109f38 00000074 T osConvertVirtToPhys
00109fac 00000054 T osGetTimeRef
0010a000 000000ec T osGetTime
0010a0ec 00000034 T __ctru_speedup_config
0010a120 00000130 T srvInit
0010a250 00000058 T srvExit
0010a2a8 00000060 T srvEnableNotification
0010a308 000000a0 T srvGetServiceHandleDirect
0010a3a8 00000038 T srvGetServiceHandle
0010a3e0 00000034 T srvSubscribe
0010a414 00000060 T srvReceiveNotification
0010a474 00000038 T srvPublishToSubscriber
0010a4ac 000000d0 t gfxPresentFramebuffer
0010a57c 0000001c T gfxIsWide
0010a598 000000ec T gfxSetScreenFormat
0010a684 000000e0 T gfxInit
0010a764 000000b4 T gfxExit
0010a818 000000a0 T gfxGetFramebuffer
0010a8b8 00000030 T gfxScreenSwapBuffers
0010a8e8 000001d4 T shaderInstanceInit
0010aabc 00000018 T shaderInstanceGetUniformLocation
0010aad4 0000001c T shaderProgramInit
0010aaf0 00000064 T shaderProgramFree
0010ab54 00000080 T shaderProgramSetVsh
0010abd4 000008e0 T shaderProgramConfigure
0010b4b4 000001cc t DVLE_GenerateOutmap.part.0
0010b680 000001b4 T DVLB_ParseFile
0010b834 00000038 T DVLB_Free
0010b86c 00000074 T DVLE_GetUniformRegister
0010b8e0 00000010 T GX_BindQueue
0010b8f0 00000078 T GX_ProcessCommandList
0010b968 00000074 T GX_MemoryFill
0010b9dc 00000070 T GX_DisplayTransfer
0010ba4c 00000074 T GX_TextureCopy
0010bac0 00000068 t gxCmdQueueDoCommands.part.0
0010bb28 000000c8 T gxCmdQueueInterrupt
0010bbf0 0000004c T gxCmdQueueClear
0010bc3c 000000f8 T gxCmdQueueAdd
0010bd34 00000080 T gxCmdQueueRun
0010bdb4 00000060 T gxCmdQueueStop
0010be14 00000074 T gxCmdQueueWait
0010be88 0000013c T GPUCMD_Add
0010bfc4 000000b0 T GPUCMD_Split
0010c074 00000034 T f32tof16
0010c0a8 00000034 T f32tof24
0010c0dc 00000038 T f32tof31
0010c114 00000c58 t gspHardwareInit
0010cd6c 00000248 T gspInit
0010cfb4 000000f0 T gspExit
0010d0a4 00000010 T gspHasGpuRight
0010d0b4 000000a0 T gspPresentBuffer
0010d154 00000030 T gspSetEventCallback
0010d184 00000044 T gspWaitForEvent
0010d1c8 0000004c T gspWaitForAnyEvent
0010d214 00000158 t gspEventThreadMain
0010d36c 00000130 T gspSubmitGxCommand
0010d49c 00000050 T GSPGPU_FlushDataCache
0010d4ec 00000034 T GSPGPU_SetLcdForceBlack
0010d520 00000068 T GSPGPU_AcquireRight
0010d588 00000048 T GSPGPU_ReleaseRight
0010d5d0 0000007c T GSPGPU_ImportDisplayCaptureInfo
0010d64c 0000002c T GSPGPU_SaveVramSysArea
0010d678 0000002c T GSPGPU_RestoreVramSysArea
0010d6a4 000001a4 t aptConvertScreenForCapture
0010d848 00000008 W aptDspSleep
0010d850 00000004 W aptDspWakeup
0010d854 00000004 W aptDspCancel
0010d858 00000158 T aptSendCommand
0010d9b0 00000044 t aptExitProcess
0010d9f4 000003b0 T aptExit
0010dda4 000000e0 T aptHandleSleep
0010de84 00000030 T aptHook
0010deb4 00000030 T aptUnhook
0010dee4 00000084 T APT_SleepIfShellClosed
0010df68 00000084 T aptSetSleepAllowed
0010dfec 00000084 T APT_UnlockTransition
0010e070 000004a4 t aptEventHandler
0010e514 000000b0 T APT_ReceiveParameter
0010e5c4 000000b0 t aptReceiveParameter.constprop.0
0010e678 000002ac t aptScreenTransfer
0010e924 00000344 t aptWaitForWakeUp.isra.0
0010ec68 00000100 T aptJumpToHomeMenu
0010ed68 00000048 T aptMainLoop
0010edb0 0000022c T aptInit
0010efdc 0000007c T APT_CheckNew3DS
0010f058 00000024 W hidShouldUseIrrst
0010f07c 0000018c T hidInit
0010f208 000000e8 T hidExit
0010f2f0 000002a4 T hidScanInput
0010f594 00000010 T hidKeysHeld
0010f5a4 00000010 T hidKeysDown
0010f5b4 00000018 T hidCircleRead
0010f5cc 0000000c T srvPmGetSessionHandle
0010f5d8 00000074 T ptmSysmInit
0010f64c 0000003c T ptmSysmExit
0010f688 00000034 T PTMSYSM_ConfigureNew3DSCPU
0010f6bc 000000cc T fsInit
0010f788 0000003c T fsExit
0010f7c4 00000060 T fsExemptFromSession
0010f824 00000050 T fsUnexemptFromSession
0010f874 000000cc T FSUSER_OpenFile
0010f940 000000d4 T FSUSER_OpenFileDirectly
0010fa14 000000bc T FSUSER_DeleteFile
0010fad0 000000f8 T FSUSER_RenameFile
0010fbc8 000000bc T FSUSER_DeleteDirectory
0010fc84 000000d4 T FSUSER_CreateFile
0010fd58 000000c4 T FSUSER_CreateDirectory
0010fe1c 000000f8 T FSUSER_RenameDirectory
0010ff14 000000b4 T FSUSER_OpenDirectory
0010ffc8 00000098 T FSUSER_OpenArchive
00110060 0000008c T FSUSER_CloseArchive
001100ec 00000074 T FSUSER_GetSdmcArchiveResource
00110160 00000064 T FSUSER_IsSdmcWritable
001101c4 00000058 T FSFILE_Read
0011021c 00000060 T FSFILE_Write
0011027c 0000003c T FSFILE_GetSize
001102b8 00000028 T FSFILE_SetSize
001102e0 0000003c T FSFILE_Close
0011031c 00000024 T FSFILE_Flush
00110340 00000050 T FSDIR_Read
00110390 0000003c T FSDIR_Close
001103cc 000000c4 t buffer_read
00110490 000000d0 t iov_read
00110560 00000138 t iov_memmove
00110698 000001dc t decompress_rle
00110874 00000244 t decompress_lzss
00110ab8 00000424 t decompress_lz11
00110edc 000002d8 t decompress_huff
001111b4 00000010 T decompressCallback_Stdio
001111c4 000000dc T decompressHeader
001112a0 00000240 T decompressV
001114e0 00000010 T rbtree_init
001114f0 000001b4 t do_insert
001116a4 00000008 T rbtree_insert
001116ac 00000090 T rbtree_rotate
0011173c 00000318 T rbtree_remove
00111a54 00000074 T rbtree_find
00111ac8 000000e8 T utf16_to_utf8
00111bb0 00000064 T decode_utf16
00111c14 000000c0 T utf8_to_utf16
00111cd8 000001e0 W __system_allocateHeaps
00111eb8 00000038 W __libctru_init
00111ef0 00000170 W __system_initArgv
00112060 T svcControlMemory
00112080 T svcQueryMemory
001120b0 T svcExitProcess
001120b8 T svcCreateThread
001120d8 T svcExitThread
001120e0 T svcSleepThread
001120e8 T svcReleaseMutex
001120f0 T svcCreateEvent
00112104 T svcSignalEvent
0011210c T svcClearEvent
00112114 T svcMapMemoryBlock
0011211c T svcUnmapMemoryBlock
00112124 T svcCreateAddressArbiter
00112138 T svcArbitrateAddressNoTimeout
00112140 T svcCloseHandle
00112148 T svcWaitSynchronization
00112150 T svcWaitSynchronizationN
00112178 T svcDuplicateHandle
0011218c T svcGetSystemTick
00112194 T svcConnectToPort
001121a8 T svcSendSyncRequest
001121b0 T svcGetResourceLimit
001121c4 T svcGetResourceLimitLimitValues
001121cc T svcGetResourceLimitCurrentValues
001121d4 T svcBreak
001121dc W initSystem
0011222c W __ctru_exit
00112244 T __aeabi_read_tp
00112250 0000000c T __sync_init
0011225c 00000018 T __sync_fini
00112274 0000002c T syncArbitrateAddress
001122a0 000000b0 T LightLock_Lock
00112350 00000040 T LightLock_Unlock
00112390 00000024 T RecursiveLock_Init
001123b4 00000030 T RecursiveLock_Lock
001123e4 00000054 T RecursiveLock_Unlock
00112438 00000040 T LightEvent_Init
00112478 000000a4 T LightEvent_Clear
0011251c 000000c8 T LightEvent_Signal
001125e4 00000050 T LightEvent_TryWait
00112634 000000b0 T LightEvent_Wait
001126e4 00000084 W envGetHandle
00112768 00000050 W envDestroyHandles
001127b8 000001d0 T threadCreate
00112988 0000002c T threadFree
001129b4 00000024 T threadJoin
001129d8 00000030 T threadGetCurrent
00112a08 00000040 T threadExit
00112a48 00000020 t _thread_begin
00112a68 000000b4 t mappableFindAddressWithin
00112b1c 00000028 T mappableInit
00112b44 00000080 T mappableAlloc
00112bc4 00000004 T mappableFree
00112bc8 00000164 T irrstInit
00112d2c 000000cc T irrstExit
00112df8 000000b4 T irrstScanInput
00112eac 00000024 T irrstKeysHeld
00112ed0 0000005c T rbtree_node_next
00112f2c 00000054 T encode_utf16
00112f80 000000e0 T encode_utf8
00113060 0000013c T decode_utf8
0011319c 00000030 W __appInit
001131cc 00000030 T __syscall_getreent
001131fc 00000064 T __syscall_gettod_r
00113260 00000004 T __syscall_lock_acquire
00113264 00000004 T __syscall_lock_release
00113268 00000004 T __syscall_lock_init_recursive
0011326c 00000004 T __syscall_lock_acquire_recursive
00113270 00000004 T __syscall_lock_release_recursive
00113274 00000004 T __syscall_exit
00113278 00000050 T initThreadVars
001132c8 00000080 T __system_initSyscalls
00113348 00000030 W __appExit
00113378 00000090 W __libctru_exit
00113408 00000014 t archive_link
0011341c 00000014 t archive_dirreset
00113430 00000014 t archive_chmod
00113444 00000024 t error_cmp
00113468 00000050 t archive_translate_error
001134b8 000000c8 t archive_seek
00113580 0000007c t _archiveInit.part.0
001135fc 000000c4 t archiveFindDevice.part.0
001136c0 0000025c t archive_utf16path
0011391c 000000a0 t _archiveUnmountDeviceStruct.part.0
001139bc 00000014 t archive_fchmod
001139d0 00000014 t archive_statvfs
001139e4 00000164 t _archiveMountDevice
00113b48 000000e8 t archive_diropen
00113c30 000000a4 t archive_fstat
00113cd4 0000006c t archive_close
00113d40 0000006c t archive_fsync
00113dac 00000070 t archive_dirclose
00113e1c 000000e8 t sdmc_statvfs
00113f04 000000ec t archive_chdir
00113ff0 0000007c t archive_ftruncate
0011406c 000000ac t archive_read
00114118 000000a4 t archive_unlink
001141bc 000000bc t archive_rmdir
00114278 000000dc t archive_mkdir
00114354 0000019c t archive_stat
001144f0 0000015c t archive_dirnext
0011464c 000000ec t archive_write
00114738 000001d4 t archive_open
0011490c 00000278 t archive_rename
00114b84 0000019c T archiveMountSdmc
00114d20 00000054 T archiveUnmountAll
00114d78 0000022c T cosf
00114fa4 00000024 t with_errnof
00114fc8 0000001c T __math_invalidf
00114fe8 000000c0 T cos
001150a8 0000024c T sinf
001152f8 000000c8 T sin
001153c0 00000004 T atan2f
001153c4 00000050 T sqrtf
00115418 00000058 T sqrt
00115470 000001a0 T __ieee754_atan2f
00115610 00000008 T __ieee754_sqrtf
00115618 00000308 T __ieee754_rem_pio2
00115920 00000008 T __ieee754_sqrt
00115928 00000158 T __kernel_cos
00115a80 000008c0 T __kernel_rem_pio2
00116340 000000c0 T __kernel_sin
00116400 00000014 T fabs
00116414 000001f8 T atanf
0011660c 00000010 T fabsf
00116620 00000144 T floor
00116768 00000140 T scalbn
001168a8 00000120 T __udivmoddi4
001169c8 00000078 T bsearch
00116a40 00000020 T calloc
00116a60 000000c0 T _calloc_r
00116b20 0000000c T __errno
00116b2c 00000034 T exit
00116b60 0000015c T _fclose_r
00116cbc 00000018 T fclose
00116cd4 00000234 T __sflush_r
00116f08 00000094 T _fflush_r
00116f9c 00000038 T fflush
00116fd4 0000000c T _cleanup_r
00116fe0 00000184 T __sinit
00117164 00000134 T __sfp
00117298 0000000c T __sfp_lock_acquire
001172a4 0000000c T __sfp_lock_release
001172b0 0000003c T __libc_fini_array
001172ec 00000134 T _fopen_r
00117420 00000020 T fopen
00117440 000002d0 T _fread_r
00117710 00000038 T fread
00117748 000000f8 T _malloc_trim_r
00117840 000002e8 T _free_r
00117b28 0000001c T _fseek_r
00117b44 00000590 T _fseeko_r
001180d4 00000068 T _fwalk
0011813c 00000070 T _fwalk_reent
001181ac 00000084 T __libc_init_array
00118230 00000138 T __smakebuf_r
00118368 0000008c T __swhatbuf_r
001183f4 00000020 T memalign
00118414 0000014c T _memalign_r
00118560 00000018 T malloc
00118578 00000018 T free
00118590 000007e4 T _malloc_r
00118d74 000000b0 T memcmp
00118e24 00000118 T memcpy
00118f3c 000000f4 T memset
00119030 0000000c T __malloc_lock
0011903c 0000000c T __malloc_unlock
00119048 00000044 T rand
0011908c 0000001c t lflush
001190a8 00000198 T __srefill_r
00119240 0000025c T setvbuf
0011949c 00000044 T __sread
001194e0 00000068 T __swrite
00119548 00000044 T __sseek
0011958c 00000008 T __sclose
00119594 00000130 T strchr
001196c4 0000005c T strlen
00119720 000000e4 T strncat
00119804 000000e4 T strncmp
001198e8 000000c4 T strncpy
001199ac 00000048 T strnlen
001199f4 000001c4 t _strtoul_l.constprop.0
00119bb8 00000028 T strtoul
00119be0 0000003c T time
00119c1c 00000114 T __call_exitprocs
00119d30 000000c8 T __sflags
00119df8 00000008 t null_write
00119e00 00000018 T setDefaultDevice
00119e18 000000c8 T FindDevice
00119ee0 00000028 T RemoveDevice
00119f08 0000009c T AddDevice
00119fa4 00000020 T GetDeviceOpTab
00119fc4 00000078 T _fstat_r
0011a03c 00000030 T _gettimeofday_r
0011a06c 00000008 T _isatty_r
0011a074 00000084 T _lseek_r
0011a0f8 000000c0 T _open_r
0011a1b8 00000080 T _read_r
0011a238 00000078 T _sbrk_r
0011a2b0 00000080 T _write_r
0011a330 00000020 T _exit
0011a350 000001a4 T _concatenate_path
0011a4f4 00000140 T chdir
0011a634 00000008 T __flockfile
0011a63c 00000008 T __funlockfile
0011a644 0000008c T __release_handle
0011a6d0 000000b0 T __alloc_handle
0011a780 0000003c T __get_handle
0011a7bc 000000f4 T _close_r
0011a8b0 0000002c T __getreent
0011a8dc 0000001c T __libc_lock_acquire
0011a8f8 0000001c T __libc_lock_release
0011a914 0000001c T __libc_lock_init_recursive
0011a930 0000001c T __libc_lock_acquire_recursive
0011a94c 0000001c T __libc_lock_release_recursive
0011a968 0000001c T __libc_lock_close_recursive
0011a984 00000048 T strrchr
0011a9cc T _fini
0011b0e4 00000008 r s_defaultTint.0
0011b0f0 R render2d_shbin
0011b27c R render2d_shbin_end
0011b27c R render2d_shbin_size
0011b280 00000038 r CSWTCH.19
0011b2b8 00000005 r colorFmtSizes
0011b2c0 00000004 r depthFmtSizes
0011b2c4 00000010 r CSWTCH.9
0011b2f8 00000070 r romFS_devoptab
0011b394 00000008 r morton_y.2
0011b39c 00000008 r morton_x.3
0011b3a4 00000008 r s_sleepWakeEvents.4
0011b400 00000030 r error_table
0011b438 00000070 r archive_devoptab
0011b4a8 00000060 R __inv_pio4
0011b508 000000e0 R __sincosf_table
0011b5e8 0000000c r CSWTCH.9
0011b5f4 0000000c r CSWTCH.8
0011b600 00000080 r npio2_hw
0011b680 00000108 r two_over_pi
0011b788 00000040 r PIo2
0011b7c8 00000010 r init_jk
0011b7d8 00000010 r atanlo
0011b7e8 00000010 r atanhi
0011b7f8 00000004 R _global_impure_ptr
0011b7fc 00000101 R _ctype_
0011b900 00000070 R dotab_stdnull
0011b970 R __tdata_align
0011b974 r 
0011b974 R __exidx_end
0011b974 R __exidx_start
0011c000 00000008 D player_position
0011c008 00000008 D player_pivot
0011c010 00000008 D player_refresh_ms_time
0011c018 00000008 D boss1_position
0011c020 00000008 D boss1_pivot
0011c028 00000008 D boss1_refresh_ms_time
0011c030 00000008 D boss1_izq_pivot
0011c038 00000008 D boss1_izq_refresh_ms_time
0011c040 00000008 D barrier_position
0011c048 00000008 D barrier_pivot
0011c050 00000008 D barrier_refresh_ms_time
0011c058 00000008 D player_shot_impact_pivot
0011c060 00000008 D player_shot_impact_refresh_ms_time
0011c068 00000008 D robot_1_pivot
0011c070 00000008 D robot_1_refresh_ms_time
0011c078 00000010 d t_par
0011c088 0000000c d t_impar
0011c094 00000001 D left
0011c095 00000001 D rotacionFondo_bottom
0011c096 00000001 D rotacionFondo_top
0011c098 00000008 D hit_refresh_ms_time
0011c0a0 00000008 D hit_pivot
0011c0a8 00000004 d framerate
0011c0ac 00000008 d framerateCounter
0011c0b4 00000004 d queueLock
0011c0b8 00000004 d kCount
0011c0bc 00000004 d kInterval
0011c0c0 00000004 d kDelay
0011c0c4 W __stacksize__
0011c0c8 00000004 D _impure_ptr
0011c0d0 00000460 d impure_data
0011c530 00000004 D __malloc_sbrk_base
0011c534 00000004 D __malloc_trim_threshold
0011c538 00000408 D __malloc_av_
0011c940 0000008c D devoptab_list
0011c9cc 00000004 d defaultDevice
0011c9d0 00000400 d _current_working_directory
0011cdd0 00001000 d handles
0011ddd0 0000000c d __stderr_handle
0011dddc 0000000c d __stdout_handle
0011dde8 0000000c d __stdin_handle
0011ddfc d _GLOBAL_OFFSET_TABLE_
0011de08 d __frame_dummy_init_array_entry
0011de08 D __init_array_start
0011de08 B __preinit_array_end
0011de08 B __preinit_array_start
0011de08 D __tdata_lma
0011de08 D __tdata_lma_end
0011de0c d __do_global_dtors_aux_fini_array_entry
0011de0c D __fini_array_start
0011de0c D __init_array_end
0011de10 D __bss_start__
0011de10 D __fini_array_end
0011de10 00000004 B player_rotation_speed
0011de14 00000004 B player_rotation
0011de18 00000140 B player_sprite
0011df58 00000058 B player_object
0011dfb0 00000004 B boss1_rotation_speed
0011dfb4 00000004 B boss1_rotation
0011dfb8 000000f0 B boss1_sprite
0011e0a8 00000058 B boss1_object
0011e100 00000004 B boss1_izq_rotation_speed
0011e104 00000004 B boss1_izq_rotation
0011e108 00000008 B boss1_izq_position
0011e110 00000078 B boss1_izq_sprite
0011e188 00000058 B boss1_izq_object
0011e1e0 00000004 B barrier_rotation_speed
0011e1e4 00000004 B barrier_rotation
0011e1e8 000001b8 B barrier_sprite
0011e3a0 00000058 B barrier_object
0011e3f8 00000004 B player_shot_impact_rotation_speed
0011e3fc 00000004 B player_shot_impact_rotation
0011e400 00000008 B player_shot_impact_position
0011e408 00000078 B player_shot_impact_sprite
0011e480 00000058 B player_shot_impact_obj
0011e4d8 00000004 B robot_1_rotation_speed
0011e4dc 00000008 B robot_1_pos
0011e4e4 00000028 B robot_1_spr
0011e510 00000058 B robot_1_obj
0011e568 0000004c B player
0011e5b4 00000004 B general_spritesheet
0011e5b8 00000028 B hitbox
0011e5e0 00000028 B bullet_normal_sprite
0011e608 00000028 B bullet_normal_sprite2
0011e630 00000028 B bullet_yellow
0011e658 00000028 B bullet_orange
0011e680 00000028 B bullet_red
0011e6a8 00000028 B shell_red
0011e6d0 00000028 B blue_plasma_mid_ball
0011e6f8 00000028 B orb_green
0011e720 00000028 B orb_player
0011e748 00000028 B yellow_mid_ball
0011e770 00000028 B red_big_ball
0011e798 00000028 B laser_yellow
0011e7c0 00000028 B star_yellow
0011e7e8 00000028 B star_blue
0011e810 00000028 B star_mini_red
0011e838 00000028 B UI
0011e860 00000060 B player_orbs
0011e8c0 00000004 B fondo1_top
0011e8c4 00000004 B fondo2_top
0011e8c8 00000004 B fondo1_bottom
0011e8cc 00000004 B fondo2_bottom
0011e8d0 00000001 b skill
0011e8d1 00000001 b focus
0011e8d2 00000001 b focus_helper
0011e8d4 000001cc B enemy_ships
0011eaa0 000000c8 B minions
0011eb68 00000001 b dead
0011eb6c 00000004 B last_hit_frame
0011eb70 00000004 B framecount
0011eb74 00000001 B direction_helper
0011eb75 00000001 B level_helper_1
0011eb78 00000004 B currentTime_4
0011eb7c 00000004 B currentTime_2
0011eb80 00000004 B skill_time_elapsed
0011eb84 00000004 B lastPrintTime_2
0011eb88 00000004 B skill_end
0011eb8c 00000004 B skill_ini
0011eb90 00000001 B shots
0011eb94 00000004 b lastPrintTime
0011eb98 00000004 B level_angle_1
0011eb9c 00000004 b ts_radius
0011eba0 00000004 B playerShotTimeCurrent
0011eba4 00000004 b current_enemy_hp_value
0011eba8 00000001 B level_helper_11
0011eba9 00000001 B level_helper_10
0011ebaa 00000001 B level_helper_9
0011ebab 00000001 B level_helper_8
0011ebac 00000001 B level_helper_7
0011ebad 00000001 B level_helper_6
0011ebae 00000001 B level_helper_5
0011ebaf 00000001 B level_helper_4
0011ebb0 00000001 B level_helper_3
0011ebb1 00000001 B level_helper_2
0011ebb4 00000004 B level_angle_10
0011ebb8 00000004 B level_angle_9
0011ebbc 00000004 B level_angle_8
0011ebc0 00000004 B level_angle_7
0011ebc4 00000004 B level_angle_6
0011ebc8 00000004 B level_angle_5
0011ebcc 00000004 B level_angle_4
0011ebd0 00000004 B level_angle_3
0011ebd4 00000004 B level_angle_2
0011ebd8 00000004 B lastPrintTime_10
0011ebdc 00000004 B lastPrintTime_9
0011ebe0 00000004 B lastPrintTime_8
0011ebe4 00000004 B lastPrintTime_7
0011ebe8 00000004 B lastPrintTime_6
0011ebec 00000004 B lastPrintTime_5
0011ebf0 00000004 B lastPrintTime_4
0011ebf4 00000004 B lastPrintTime_3
0011ebf8 00000004 B lastPrintTime_1
0011ebfc 00000004 B currentTime_10
0011ec00 00000004 B currentTime_9
0011ec04 00000004 B currentTime_8
0011ec08 00000004 B currentTime_7
0011ec0c 00000004 B currentTime_6
0011ec10 00000004 B currentTime_5
0011ec14 00000004 B currentTime_3
0011ec18 00000004 B currentTime_1
0011ec1c 00000050 B enemy_sprites
0011ec6c 00035b60 B enemy_lasers
001547cc 0003a980 B enemy_bullets
0018f14c 00002ee0 B bullets
0019202c 00000004 B bulletmask
00192030 00000004 B fondoout
00192038 00004650 B sprites
00196688 00000004 B hit_rotation_speed
0019668c 00000004 B robot_1_rotation
00196690 00000004 B hit_rotation
00196694 00000008 B hit_position
0019669c 000000c8 B hit_sprite
00196768 00000058 B hit_object
001967c0 b completed.1
001967c4 b object.0
001967e0 000005a8 B __C2Di_Context
00196d88 00000040 b s_projBot
00196dc8 00000040 b s_projTop
00196e08 00000004 b uLoc_mdlvMtx
00196e0c 00000004 b uLoc_projMtx
00196e10 000002d0 B __C3D_Context
001970e0 0000000c b hookCookie
001970f0 00000010 b cpuTime
00197100 00000004 b firstTarget
00197104 00000008 b frameCounter
0019710c 00000004 b frameEndCb
00197110 00000004 b frameEndCbData
00197118 00000010 b gpuTime
00197128 00000001 b inFrame
00197129 00000001 b inSafeTransfer
0019712a 00000001 b isTopStereo
0019712c 00000004 b lastTarget
00197130 0000000c b linkedTarget
0019713c 00000001 b measureGpuTime
0019713d 00000001 b needSwapBot
0019713e 00000001 b needSwapTop
00197140 00000004 B C3D_BoolUnifs
00197144 00000002 B C3D_BoolUnifsDirty
00197148 00000c00 B C3D_FVUnif
00197d48 000000c0 B C3D_FVUnifDirty
00197e08 00000020 B C3D_IVUnif
00197e28 00000008 B C3D_IVUnifDirty
00197e30 000000c0 b C3Di_FVUnifEverDirty
00197ef0 00000008 b C3Di_IVUnifEverDirty
00197ef8 00000018 b C3Di_ShaderFVecData
00197f10 00000008 b sVramPoolB
00197f18 00000008 b sVramPoolA
00197f20 0000000c b sAddrMap
00197f30 00000008 b sLinearPool
00197f38 0000000c b sAddrMap
00197f44 00000004 b romfs_mount_list
00197f48 00000004 V __romfs_path
00197f4c 00000001 V __ctru_speedup
00197f50 00000004 b srvRefCount
00197f54 00000004 b srvHandle
00197f58 00000004 b screenAlloc
00197f5c 00000004 b screenFree
00197f60 00000002 b gfxIsDoubleBuf
00197f64 00000002 b gfxCurBuf
00197f66 00000001 b gfxIsVram
00197f67 00000001 b gfxTopMode
00197f68 00000002 b gfxFramebufferFormats
00197f6c 00000004 b gfxBottomFramebufferMaxSize
00197f70 00000004 b gfxTopFramebufferMaxSize
00197f78 00000008 b gfxBottomFramebuffers
00197f80 00000008 b gfxTopFramebuffers
00197f88 00000004 b boundQueue
00197f8c 00000001 b shouldStop
00197f8d 00000001 b isRunning
00197f8e 00000001 b isActive
00197f90 00000004 b curQueue
00197f94 00000004 B gpuCmdBufOffset
00197f98 00000004 B gpuCmdBufSize
00197f9c 00000004 B gpuCmdBuf
00197fa0 00000007 b gspEventCbOneShot
00197fa8 0000001c b gspEventCbData
00197fc4 0000001c b gspEventCb
00197fe0 00000038 b gspEvents
00198018 00000004 b gspLastEvent
0019801c 00000001 b gspRunEvents
00198020 00000004 b gspEventThread
00198024 00000004 b gspEvent
00198028 00000001 b gspGpuRight
00198029 00000001 b gspThreadId
0019802c 00000004 b gspSharedMem
00198030 00000004 b gspSharedMemHandle
00198034 00000004 b gspRefCount
00198038 00000004 b gspGpuHandle
0019803c 00000001 b flagValue.0
0019803d 00000001 b flagInit.1
00198040 00000004 b serviceName.6
00198044 00000001 b aptChainloadMediatype
00198048 00000008 b aptChainloadTid
00198050 00000001 b aptChainloadFlags
00198054 00001000 b aptParameters
00199054 00000004 b aptFlags
00199058 00000001 b aptHomeButtonState
0019905c 00000004 b aptMessageFuncData
00199060 00000004 b aptMessageFunc
00199064 0000000c b aptFirstHook
00199070 00000001 b aptEventHandlerThreadQuit
00199074 00000004 b aptEventHandlerThread
00199078 00000008 b aptSleepEvent
00199080 00000008 b aptReceiveEvent
00199088 00000008 b aptEvents
00199090 00000004 b aptLockHandle
00199094 00000004 b aptRefCount
00199098 00000001 b usingIrrst
0019909c 00000004 b hidRefCount
001990a0 00000006 b gRate
001990a8 00000006 b aVec
001990b0 00000004 b cPos
001990b4 00000004 b tPos
001990b8 00000004 b kRepeat
001990bc 00000004 b kUp
001990c0 00000004 b kDown
001990c4 00000004 b kHeld
001990c8 00000004 b kOld
001990cc 00000004 B hidSharedMem
001990d0 00000014 B hidEvents
001990e4 00000004 B hidMemHandle
001990e8 00000004 B hidHandle
001990ec 00000004 b srvPmHandle
001990f0 00000004 b ptmSysmRefCount
001990f4 00000004 b ptmSysmHandle
001990f8 00000080 b fsExemptArchives
00199178 00000004 b fsuRefCount
0019917c 00000004 b fsuHandle
00199180 00000004 V __ctru_linear_heap_size
00199184 00000004 V __ctru_heap_size
00199188 00000004 B __ctru_linear_heap
0019918c 00000004 B __ctru_heap
00199190 00000004 B __system_retAddr
00199194 00000004 B __system_argv
00199198 00000004 B __system_argc
0019919c b saved_stack
001991a4 00000004 b arbiter
001991a8 00000004 B __3dslink_host
001991ac 00000004 b currentAddr
001991b0 00000004 b maxAddr
001991b4 00000004 b minAddr
001991b8 00000004 b irrstRefCount
001991bc 00000004 b csPos
001991c0 00000004 b kHeld
001991c4 00000004 B irrstSharedMem
001991c8 00000004 B irrstEvent
001991cc 00000004 B irrstMemHandle
001991d0 00000004 B irrstHandle
001991d8 00000540 b archive_devices
00199718 00000004 b archive_device_cwd
0019971c 00000001 b archive_initialized
00199720 0000000c b __sinit_recursive_mutex
0019972c 0000000c b __sfp_recursive_mutex
00199738 00000028 B __malloc_current_mallinfo
00199760 00000004 B __malloc_max_total_mem
00199764 00000004 B __malloc_max_sbrked_mem
00199768 00000004 B __malloc_top_pad
0019976c 0000000c b __malloc_recursive_mutex
00199778 0000000c B __atexit_recursive_mutex
00199784 00000004 b heap_start.0
00199788 00000004 B fake_heap_start
0019978c 00000004 B fake_heap_end
00199790 00000400 b temp_cwd
00199b90 00000004 b __hndl_lock
00199b94 B __tls_start
0019a79c B __bss_end__
0019a79c A __end__
0019a79c B __tls_end
