         w __deregister_frame_info
         w __register_frame_info
         w __syscall_lock_close_recursive
         w userAppExit
         w userAppInit
00000000 00000802 B __ctru_dev_utf16_buf
00000000 b _TLS_MODULE_BASE_
00000000 a shift
00000804 00000401 B __ctru_dev_path_buf
00100000 A __start__
00100000 T _start
00100008 T __service_ptr
0010000c T __apt_appid
00100010 T __heap_size
00100014 T __linear_heap_size
00100018 T __system_arglist
0010001c T __system_runflags
00100020 t startup
00100058 t ClearMem
0010006c t ClrLoop
00100094 T _init
001000ac t .udivsi3_skip_div0_test
001000ac T __aeabi_uidiv
001000ac 000001ec T __udivsi3
00100298 00000020 T __aeabi_uidivmod
001002b8 00000004 W __aeabi_idiv0
001002b8 00000004 W __aeabi_ldiv0
001002bc T __aeabi_drsub
001002c4 000002b0 T __aeabi_dsub
001002c4 000002b0 T __subdf3
001002c8 000002ac T __adddf3
001002c8 000002ac T __aeabi_dadd
00100574 00000024 T __aeabi_ui2d
00100574 00000024 T __floatunsidf
00100598 00000028 T __aeabi_i2d
00100598 00000028 T __floatsidf
001005c0 00000048 T __aeabi_f2d
001005c0 00000048 T __extendsfdf2
00100608 00000074 T __aeabi_ul2d
00100608 00000074 T __floatundidf
0010061c 00000060 T __aeabi_l2d
0010061c 00000060 T __floatdidf
0010067c T __aeabi_ldivmod
00100768 00000390 T strcmp
00100af0 t __do_global_dtors_aux
00100b30 t frame_dummy
00100b60 00000444 T main
00100fa4 00000004 W C3Di_LightEnvUpdate
00100fa8 00000004 W C3Di_LightEnvDirty
00100fac 00000004 W C3Di_ProcTexUpdate
00100fb0 00000004 W C3Di_ProcTexDirty
00100fb4 000000b4 t C3Di_AptEventHook
00101068 00000004 W C3Di_GasUpdate
0010106c 000001e0 T C3D_Init
0010124c 00000098 T C3D_SetViewport
001012e4 000004e8 T C3Di_UpdateContext
001017cc 000000e0 T C3Di_SplitFrame
001018ac 00000044 T C3D_Fini
001018f0 00000114 T C3D_BindProgram
00101a04 0000004c t onVBlank0
00101a50 0000004c t onVBlank1
00101a9c 00000080 t C3Di_RenderTargetDestroy
00101b1c 000000f4 t onQueueFinish
00101c10 00000038 T C3Di_RenderQueueEnableVBlank
00101c48 00000030 T C3Di_RenderQueueDisableVBlank
00101c78 00000060 T C3Di_RenderQueueInit
00101cd8 000000b0 T C3Di_RenderQueueExit
00101d88 00000034 T C3Di_RenderQueueWaitDone
00101dbc 000000e4 T C3D_FrameBegin
00101ea0 00000048 T C3D_FrameDrawOn
00101ee8 000001d8 T C3D_FrameEnd
001020c0 00000184 T C3D_RenderTargetCreate
00102244 000000a8 T C3D_RenderTargetSetOutput
001022ec 000000fc T C3D_SyncTextureCopy
001023e8 00000294 T C3D_TexInitWithParams
0010267c 000000c8 T C3D_TexLoadImage
00102744 00000044 T C3D_TexBind
00102788 00000074 T C3D_TexDelete
001027fc 0000016c T C3Di_SetTex
00102968 000003f4 t Tex3DSi_ImportCommon
00102d5c 00000038 T Tex3DS_TextureImportStdio
00102d94 00000004 T Tex3DS_TextureFree
00102d98 0000001c T C3D_CalcColorBufSize
00102db4 0000001c T C3D_CalcDepthBufSize
00102dd0 00000044 T C3D_SetFrameBuf
00102e14 0000016c T C3Di_FrameBufBind
00102f80 000000c8 T C3D_FrameBufClear
00103048 00000044 T C3D_FrameBufTransfer
0010308c 00000034 T C3D_GetTexEnv
001030c0 00000024 T C3Di_TexEnvBind
001030e4 00000024 T BufInfo_Init
00103108 00000080 T BufInfo_Add
00103188 00000020 T C3D_GetBufInfo
001031a8 00000048 T C3Di_BufInfoBind
001031f0 00000148 T C3D_DrawArrays
00103338 00000040 T C3D_DepthMap
00103378 0000001c T C3D_CullFace
00103394 00000040 T C3D_StencilTest
001033d4 00000024 T C3D_StencilOp
001033f8 0000001c T C3D_BlendingColor
00103414 00000024 T C3D_EarlyDepthTest
00103438 0000002c T C3D_DepthTest
00103464 0000002c T C3D_AlphaTest
00103490 00000050 T C3D_AlphaBlend
001034e0 00000030 T C3D_FragOpMode
00103510 00000044 T C3D_FragOpShadow
00103554 000001ac T C3Di_EffectBind
00103700 00000028 T AttrInfo_Init
00103728 00000094 T AttrInfo_AddLoader
001037bc 00000020 T C3D_GetAttrInfo
001037dc 00000080 T C3Di_AttrInfoBind
0010385c 000000a8 T C3D_ImmSendAttrib
00103904 00000280 T C3D_UpdateUniforms
00103b84 000000c0 T C3Di_DirtyUniforms
00103c44 000000d8 T C3Di_LoadShaderUniforms
00103d1c 00000028 T C3Di_ClearShaderUniforms
00103d44 000000a4 T Mtx_RotateX
00103de8 00000094 T Mtx_PerspTilt
00103e7c 000000a0 T Mtx_RotateY
00103f1c 00000024 t addrMapNodeComparator(rbtree_node const*, rbtree_node const*)
00103f40 00000004 t addrMapNodeDestructor(rbtree_node*)
00103f44 00000250 T vramMemAlignAt
00104194 0000000c T vramAlloc
001041a0 0000000c T vramAllocAt
001041ac 00000090 T vramFree
0010423c 00000024 t addrMapNodeComparator(rbtree_node const*, rbtree_node const*)
00104260 00000004 t addrMapNodeDestructor(rbtree_node*)
00104264 00000120 T linearMemAlign
00104384 00000008 T linearAlloc
0010438c 0000005c T linearFree
001043e8 00000080 T MemPool::CoalesceRight(MemBlock*)
00104468 0000016c T MemPool::Allocate(MemChunk&, unsigned long, int)
001045d4 000000fc T MemPool::Deallocate(MemChunk const&)
001046d0 00000030 T MemPool::GetFreeSpace()
00104700 00000008 t romfs_close
00104708 000000c0 t romfs_seek
001047c8 00000024 t romfs_dirreset
001047ec 000000c8 t fill_dir
001048b4 0000028c t romfs_dirnext
00104b40 00000084 t romfs_free
00104bc4 000000d4 t searchForFile.constprop.0
00104c98 000000d8 t searchForDir.constprop.0
00104d70 000001c0 t navigateToDir.constprop.0
00104f30 0000010c t romfs_open
0010503c 0000004c t romfs_chdir
00105088 00000070 t romfs_diropen
001050f8 00000174 t romfs_stat
0010526c 00000008 t romfs_dirclose
00105278 00000084 t romfs_fstat
001052fc 000000d0 t romfs_read
001053cc 0000028c T romfsMountFromFile
00105658 00000098 T romfsMountFromCurrentProcess
001056f0 00000260 T romfsMountSelf
00105950 000000a0 T romfsUnmount
001059f0 00000074 T osConvertVirtToPhys
00105a64 00000054 T osGetTimeRef
00105ab8 000000ec T osGetTime
00105ba4 00000034 T __ctru_speedup_config
00105bd8 000000d0 t gfxPresentFramebuffer
00105ca8 000000ec T gfxSetScreenFormat
00105d94 000000e0 T gfxInit
00105e74 00000010 T gfxInitDefault
00105e84 000000b4 T gfxExit
00105f38 000000a0 T gfxGetFramebuffer
00105fd8 00000030 T gfxScreenSwapBuffers
00106008 000001d4 T shaderInstanceInit
001061dc 00000018 T shaderInstanceGetUniformLocation
001061f4 0000001c T shaderProgramInit
00106210 00000064 T shaderProgramFree
00106274 00000080 T shaderProgramSetVsh
001062f4 000008e0 T shaderProgramConfigure
00106bd4 000001cc t DVLE_GenerateOutmap.part.0
00106da0 000001b4 T DVLB_ParseFile
00106f54 00000038 T DVLB_Free
00106f8c 00000074 T DVLE_GetUniformRegister
00107000 00000010 T GX_BindQueue
00107010 00000078 T GX_ProcessCommandList
00107088 00000074 T GX_MemoryFill
001070fc 00000070 T GX_DisplayTransfer
0010716c 00000074 T GX_TextureCopy
001071e0 00000068 t gxCmdQueueDoCommands.part.0
00107248 000000c8 T gxCmdQueueInterrupt
00107310 0000004c T gxCmdQueueClear
0010735c 000000f8 T gxCmdQueueAdd
00107454 00000080 T gxCmdQueueRun
001074d4 00000060 T gxCmdQueueStop
00107534 00000074 T gxCmdQueueWait
001075a8 0000013c T GPUCMD_Add
001076e4 000000b0 T GPUCMD_Split
00107794 00000034 T f32tof16
001077c8 00000034 T f32tof24
001077fc 00000038 T f32tof31
00107834 00000c58 t gspHardwareInit
0010848c 00000248 T gspInit
001086d4 000000f0 T gspExit
001087c4 00000010 T gspHasGpuRight
001087d4 000000a0 T gspPresentBuffer
00108874 00000030 T gspSetEventCallback
001088a4 00000044 T gspWaitForEvent
001088e8 0000004c T gspWaitForAnyEvent
00108934 00000158 t gspEventThreadMain
00108a8c 00000130 T gspSubmitGxCommand
00108bbc 00000050 T GSPGPU_FlushDataCache
00108c0c 00000034 T GSPGPU_SetLcdForceBlack
00108c40 00000068 T GSPGPU_AcquireRight
00108ca8 00000048 T GSPGPU_ReleaseRight
00108cf0 0000007c T GSPGPU_ImportDisplayCaptureInfo
00108d6c 0000002c T GSPGPU_SaveVramSysArea
00108d98 0000002c T GSPGPU_RestoreVramSysArea
00108dc4 000001a4 t aptConvertScreenForCapture
00108f68 00000008 W aptDspSleep
00108f70 00000004 W aptDspWakeup
00108f74 00000004 W aptDspCancel
00108f78 00000158 T aptSendCommand
001090d0 00000044 t aptExitProcess
00109114 000003b0 T aptExit
001094c4 000000e0 T aptHandleSleep
001095a4 00000030 T aptHook
001095d4 00000030 T aptUnhook
00109604 00000084 T APT_SleepIfShellClosed
00109688 00000084 T aptSetSleepAllowed
0010970c 00000084 T APT_UnlockTransition
00109790 000004a4 t aptEventHandler
00109c34 000000b0 T APT_ReceiveParameter
00109ce4 000000b0 t aptReceiveParameter.constprop.0
00109d98 000002ac t aptScreenTransfer
0010a044 00000344 t aptWaitForWakeUp.isra.0
0010a388 00000100 T aptJumpToHomeMenu
0010a488 00000048 T aptMainLoop
0010a4d0 0000022c T aptInit
0010a6fc 0000007c T APT_CheckNew3DS
0010a778 00000024 W hidShouldUseIrrst
0010a79c 0000018c T hidInit
0010a928 000000e8 T hidExit
0010aa10 000002a4 T hidScanInput
0010acb4 00000010 T hidKeysHeld
0010acc4 00000010 T hidKeysDown
0010acd4 00000074 T ptmSysmInit
0010ad48 0000003c T ptmSysmExit
0010ad84 00000034 T PTMSYSM_ConfigureNew3DSCPU
0010adb8 000000cc T fsInit
0010ae84 0000003c T fsExit
0010aec0 00000060 T fsExemptFromSession
0010af20 00000050 T fsUnexemptFromSession
0010af70 000000cc T FSUSER_OpenFile
0010b03c 000000d4 T FSUSER_OpenFileDirectly
0010b110 000000bc T FSUSER_DeleteFile
0010b1cc 000000f8 T FSUSER_RenameFile
0010b2c4 000000bc T FSUSER_DeleteDirectory
0010b380 000000d4 T FSUSER_CreateFile
0010b454 000000c4 T FSUSER_CreateDirectory
0010b518 000000f8 T FSUSER_RenameDirectory
0010b610 000000b4 T FSUSER_OpenDirectory
0010b6c4 00000098 T FSUSER_OpenArchive
0010b75c 0000008c T FSUSER_CloseArchive
0010b7e8 00000074 T FSUSER_GetSdmcArchiveResource
0010b85c 00000064 T FSUSER_IsSdmcWritable
0010b8c0 00000058 T FSFILE_Read
0010b918 00000060 T FSFILE_Write
0010b978 0000003c T FSFILE_GetSize
0010b9b4 00000028 T FSFILE_SetSize
0010b9dc 0000003c T FSFILE_Close
0010ba18 00000024 T FSFILE_Flush
0010ba3c 00000050 T FSDIR_Read
0010ba8c 0000003c T FSDIR_Close
0010bac8 000000c4 t buffer_read
0010bb8c 000000d0 t iov_read
0010bc5c 00000138 t iov_memmove
0010bd94 000001dc t decompress_rle
0010bf70 00000244 t decompress_lzss
0010c1b4 00000424 t decompress_lz11
0010c5d8 000002d8 t decompress_huff
0010c8b0 00000010 T decompressCallback_Stdio
0010c8c0 000000dc T decompressHeader
0010c99c 00000240 T decompressV
0010cbdc 00000010 T rbtree_init
0010cbec 000001b4 t do_insert
0010cda0 00000008 T rbtree_insert
0010cda8 00000090 T rbtree_rotate
0010ce38 00000318 T rbtree_remove
0010d150 00000074 T rbtree_find
0010d1c4 000000e8 T utf16_to_utf8
0010d2ac 00000064 T decode_utf16
0010d310 000000c0 T utf8_to_utf16
0010d3d0 000001e0 W __system_allocateHeaps
0010d5b0 00000038 W __libctru_init
0010d5e8 00000170 W __system_initArgv
0010d758 T svcControlMemory
0010d778 T svcQueryMemory
0010d7a8 T svcExitProcess
0010d7b0 T svcCreateThread
0010d7d0 T svcExitThread
0010d7d8 T svcSleepThread
0010d7e0 T svcReleaseMutex
0010d7e8 T svcCreateEvent
0010d7fc T svcSignalEvent
0010d804 T svcClearEvent
0010d80c T svcMapMemoryBlock
0010d814 T svcUnmapMemoryBlock
0010d81c T svcCreateAddressArbiter
0010d830 T svcArbitrateAddressNoTimeout
0010d838 T svcCloseHandle
0010d840 T svcWaitSynchronization
0010d848 T svcWaitSynchronizationN
0010d870 T svcDuplicateHandle
0010d884 T svcGetSystemTick
0010d88c T svcConnectToPort
0010d8a0 T svcSendSyncRequest
0010d8a8 T svcGetResourceLimit
0010d8bc T svcGetResourceLimitLimitValues
0010d8c4 T svcGetResourceLimitCurrentValues
0010d8cc T svcBreak
0010d8d4 W initSystem
0010d924 W __ctru_exit
0010d93c T __aeabi_read_tp
0010d948 0000000c T __sync_init
0010d954 00000018 T __sync_fini
0010d96c 0000002c T syncArbitrateAddress
0010d998 000000b0 T LightLock_Lock
0010da48 00000040 T LightLock_Unlock
0010da88 00000024 T RecursiveLock_Init
0010daac 00000030 T RecursiveLock_Lock
0010dadc 00000054 T RecursiveLock_Unlock
0010db30 00000040 T LightEvent_Init
0010db70 000000a4 T LightEvent_Clear
0010dc14 000000c8 T LightEvent_Signal
0010dcdc 00000050 T LightEvent_TryWait
0010dd2c 000000b0 T LightEvent_Wait
0010dddc 00000084 W envGetHandle
0010de60 00000050 W envDestroyHandles
0010deb0 00000130 T srvInit
0010dfe0 00000058 T srvExit
0010e038 00000060 T srvEnableNotification
0010e098 000000a0 T srvGetServiceHandleDirect
0010e138 00000038 T srvGetServiceHandle
0010e170 00000034 T srvSubscribe
0010e1a4 00000060 T srvReceiveNotification
0010e204 00000038 T srvPublishToSubscriber
0010e23c 000001d0 T threadCreate
0010e40c 0000002c T threadFree
0010e438 00000024 T threadJoin
0010e45c 00000030 T threadGetCurrent
0010e48c 00000040 T threadExit
0010e4cc 00000020 t _thread_begin
0010e4ec 000000b4 t mappableFindAddressWithin
0010e5a0 00000028 T mappableInit
0010e5c8 00000080 T mappableAlloc
0010e648 00000004 T mappableFree
0010e64c 00000164 T irrstInit
0010e7b0 000000cc T irrstExit
0010e87c 000000b4 T irrstScanInput
0010e930 00000024 T irrstKeysHeld
0010e954 0000000c T srvPmGetSessionHandle
0010e960 0000005c T rbtree_node_next
0010e9bc 00000054 T encode_utf16
0010ea10 000000e0 T encode_utf8
0010eaf0 0000013c T decode_utf8
0010ec2c 00000030 W __appInit
0010ec5c 00000030 T __syscall_getreent
0010ec8c 00000064 T __syscall_gettod_r
0010ecf0 00000004 T __syscall_lock_acquire
0010ecf4 00000004 T __syscall_lock_release
0010ecf8 00000004 T __syscall_lock_init_recursive
0010ecfc 00000004 T __syscall_lock_acquire_recursive
0010ed00 00000004 T __syscall_lock_release_recursive
0010ed04 00000004 T __syscall_exit
0010ed08 00000050 T initThreadVars
0010ed58 00000080 T __system_initSyscalls
0010edd8 00000030 W __appExit
0010ee08 00000090 W __libctru_exit
0010ee98 00000014 t archive_link
0010eeac 00000014 t archive_dirreset
0010eec0 00000014 t archive_chmod
0010eed4 00000024 t error_cmp
0010eef8 00000050 t archive_translate_error
0010ef48 000000c8 t archive_seek
0010f010 0000007c t _archiveInit.part.0
0010f08c 000000c4 t archiveFindDevice.part.0
0010f150 0000025c t archive_utf16path
0010f3ac 000000a0 t _archiveUnmountDeviceStruct.part.0
0010f44c 00000014 t archive_fchmod
0010f460 00000014 t archive_statvfs
0010f474 00000164 t _archiveMountDevice
0010f5d8 000000e8 t archive_diropen
0010f6c0 000000a4 t archive_fstat
0010f764 0000006c t archive_close
0010f7d0 0000006c t archive_fsync
0010f83c 00000070 t archive_dirclose
0010f8ac 000000e8 t sdmc_statvfs
0010f994 000000ec t archive_chdir
0010fa80 0000007c t archive_ftruncate
0010fafc 000000ac t archive_read
0010fba8 000000a4 t archive_unlink
0010fc4c 000000bc t archive_rmdir
0010fd08 000000dc t archive_mkdir
0010fde4 0000019c t archive_stat
0010ff80 0000015c t archive_dirnext
001100dc 000000ec t archive_write
001101c8 000001d4 t archive_open
0011039c 00000278 t archive_rename
00110614 0000019c T archiveMountSdmc
001107b0 00000054 T archiveUnmountAll
00110808 0000022c T cosf
00110a34 00000024 t with_errnof
00110a58 0000001c T __math_invalidf
00110a74 00000070 T tanf
00110ae8 0000024c T sinf
00110d34 000002c8 T __ieee754_rem_pio2f
00110ffc 00000880 T __kernel_rem_pio2f
0011187c 00000208 T __kernel_tanf
00111a84 00000010 T fabsf
00111a94 000000c0 T floorf
00111b54 0000012c T scalbnf
00111c80 00000120 T __udivmoddi4
00111da0 00000078 T bsearch
00111e18 00000020 T calloc
00111e38 000000c0 T _calloc_r
00111ef8 0000000c T __errno
00111f04 00000034 T exit
00111f38 0000015c T _fclose_r
00112094 00000018 T fclose
001120ac 00000234 T __sflush_r
001122e0 00000094 T _fflush_r
00112374 00000038 T fflush
001123ac 0000000c T _cleanup_r
001123b8 00000184 T __sinit
0011253c 00000134 T __sfp
00112670 0000000c T __sfp_lock_acquire
0011267c 0000000c T __sfp_lock_release
00112688 0000003c T __libc_fini_array
001126c4 00000134 T _fopen_r
001127f8 00000020 T fopen
00112818 000002d0 T _fread_r
00112ae8 00000038 T fread
00112b20 000000f8 T _malloc_trim_r
00112c18 000002e8 T _free_r
00112f00 0000001c T _fseek_r
00112f1c 00000590 T _fseeko_r
001134ac 00000068 T _fwalk
00113514 00000070 T _fwalk_reent
00113584 00000084 T __libc_init_array
00113608 00000138 T __smakebuf_r
00113740 00000020 T memalign
00113760 0000014c T _memalign_r
001138ac 00000018 T malloc
001138c4 00000018 T free
001138dc 000007e4 T _malloc_r
001140c0 000000b0 T memcmp
00114170 00000118 T memcpy
00114288 000000f4 T memset
0011437c 0000000c T __malloc_lock
00114388 0000000c T __malloc_unlock
00114394 0000001c t lflush
001143b0 00000198 T __srefill_r
00114548 00000044 T __sread
0011458c 00000068 T __swrite
001145f4 00000044 T __sseek
00114638 00000008 T __sclose
00114640 00000130 T strchr
00114770 0000005c T strlen
001147cc 000000e4 T strncat
001148b0 000000e4 T strncmp
00114994 000000c4 T strncpy
00114a58 00000048 T strnlen
00114aa0 000001c4 t _strtoul_l.constprop.0
00114c64 00000028 T strtoul
00114c8c 0000003c T time
00114cc8 00000114 T __call_exitprocs
00114ddc 000000c8 T __sflags
00114ea4 00000008 t null_write
00114eac 00000018 T setDefaultDevice
00114ec4 000000c8 T FindDevice
00114f8c 00000028 T RemoveDevice
00114fb4 0000009c T AddDevice
00115050 00000020 T GetDeviceOpTab
00115070 00000078 T _fstat_r
001150e8 00000030 T _gettimeofday_r
00115118 00000008 T _isatty_r
00115120 00000084 T _lseek_r
001151a4 000000c0 T _open_r
00115264 00000080 T _read_r
001152e4 00000078 T _sbrk_r
0011535c 00000080 T _write_r
001153dc 00000020 T _exit
001153fc 000001a4 T _concatenate_path
001155a0 00000140 T chdir
001156e0 00000008 T __flockfile
001156e8 00000008 T __funlockfile
001156f0 0000008c T __release_handle
0011577c 000000b0 T __alloc_handle
0011582c 0000003c T __get_handle
00115868 000000f4 T _close_r
0011595c 0000002c T __getreent
00115988 0000001c T __libc_lock_acquire
001159a4 0000001c T __libc_lock_release
001159c0 0000001c T __libc_lock_init_recursive
001159dc 0000001c T __libc_lock_acquire_recursive
001159f8 0000001c T __libc_lock_release_recursive
00115a14 0000001c T __libc_lock_close_recursive
00115a30 00000048 T strrchr
00115a78 T _fini
00116000 000001b0 r vertex_list
001161cc R skybox_shbin
001162fc R skybox_shbin_end
001162fc R skybox_shbin_size
0011633c 00000038 r CSWTCH.19
00116374 00000005 r colorFmtSizes
0011637c 00000004 r depthFmtSizes
001163a4 00000070 r romFS_devoptab
00116438 00000008 r morton_y.2
00116440 00000008 r morton_x.3
00116448 00000008 r s_sleepWakeEvents.4
001164ac 00000030 r error_table
001164e4 00000070 r archive_devoptab
00116554 00000060 R __inv_pio4
001165b8 000000e0 R __sincosf_table
00116698 00000080 r npio2_hw
00116718 00000318 r two_over_pi
00116a30 0000002c r PIo2
00116a5c 0000000c r init_jk
00116a68 00000004 R _global_impure_ptr
00116a6c 00000101 R _ctype_
00116b70 00000070 R dotab_stdnull
00116be0 R __tdata_align
00116be4 r 
00116be4 R __exidx_end
00116be4 R __exidx_start
00117000 00000004 d framerate
00117004 00000008 d framerateCounter
0011700c 00000004 d queueLock
00117010 00000004 d kCount
00117014 00000004 d kInterval
00117018 00000004 d kDelay
0011701c W __stacksize__
00117020 00000004 D _impure_ptr
00117028 00000460 d impure_data
00117488 00000004 D __malloc_sbrk_base
0011748c 00000004 D __malloc_trim_threshold
00117490 00000408 D __malloc_av_
00117898 0000008c D devoptab_list
00117924 00000004 d defaultDevice
00117928 00000400 d _current_working_directory
00117d28 00001000 d handles
00118d28 0000000c d __stderr_handle
00118d34 0000000c d __stdout_handle
00118d40 0000000c d __stdin_handle
00118d54 d _GLOBAL_OFFSET_TABLE_
00118d60 d __frame_dummy_init_array_entry
00118d60 D __init_array_start
00118d60 B __preinit_array_end
00118d60 B __preinit_array_start
00118d60 D __tdata_lma
00118d60 D __tdata_lma_end
00118d64 d __do_global_dtors_aux_fini_array_entry
00118d64 D __fini_array_start
00118d64 D __init_array_end
00118d68 D __bss_start__
00118d68 D __fini_array_end
00118d68 00000004 b skybox_dvlb
00118d6c 00000014 b program
00118d80 00000004 b uLoc_projection
00118d84 00000004 b uLoc_modelView
00118d88 00000040 b projection
00118dc8 00000004 b vbo_data
00118dcc 00000018 b skybox_cube
00118de4 00000018 b skybox_tex
00118dfc 00000004 b angleX
00118e00 00000004 b angleY
00118e04 b completed.1
00118e08 b object.0
00118e20 000002d0 B __C3D_Context
001190f0 0000000c b hookCookie
00119100 00000010 b cpuTime
00119110 00000004 b firstTarget
00119114 00000008 b frameCounter
0011911c 00000004 b frameEndCb
00119120 00000004 b frameEndCbData
00119128 00000010 b gpuTime
00119138 00000001 b inFrame
00119139 00000001 b inSafeTransfer
0011913a 00000001 b isTopStereo
0011913c 00000004 b lastTarget
00119140 0000000c b linkedTarget
0011914c 00000001 b measureGpuTime
0011914d 00000001 b needSwapBot
0011914e 00000001 b needSwapTop
00119150 00000004 B C3D_BoolUnifs
00119154 00000002 B C3D_BoolUnifsDirty
00119158 00000c00 B C3D_FVUnif
00119d58 000000c0 B C3D_FVUnifDirty
00119e18 00000020 B C3D_IVUnif
00119e38 00000008 B C3D_IVUnifDirty
00119e40 000000c0 b C3Di_FVUnifEverDirty
00119f00 00000008 b C3Di_IVUnifEverDirty
00119f08 00000018 b C3Di_ShaderFVecData
00119f20 00000008 b sVramPoolB
00119f28 00000008 b sVramPoolA
00119f30 0000000c b sAddrMap
00119f40 00000008 b sLinearPool
00119f48 0000000c b sAddrMap
00119f54 00000004 b romfs_mount_list
00119f58 00000004 V __romfs_path
00119f5c 00000001 V __ctru_speedup
00119f60 00000004 b screenAlloc
00119f64 00000004 b screenFree
00119f68 00000002 b gfxIsDoubleBuf
00119f6c 00000002 b gfxCurBuf
00119f6e 00000001 b gfxIsVram
00119f6f 00000001 b gfxTopMode
00119f70 00000002 b gfxFramebufferFormats
00119f74 00000004 b gfxBottomFramebufferMaxSize
00119f78 00000004 b gfxTopFramebufferMaxSize
00119f80 00000008 b gfxBottomFramebuffers
00119f88 00000008 b gfxTopFramebuffers
00119f90 00000004 b boundQueue
00119f94 00000001 b shouldStop
00119f95 00000001 b isRunning
00119f96 00000001 b isActive
00119f98 00000004 b curQueue
00119f9c 00000004 B gpuCmdBufOffset
00119fa0 00000004 B gpuCmdBufSize
00119fa4 00000004 B gpuCmdBuf
00119fa8 00000007 b gspEventCbOneShot
00119fb0 0000001c b gspEventCbData
00119fcc 0000001c b gspEventCb
00119fe8 00000038 b gspEvents
0011a020 00000004 b gspLastEvent
0011a024 00000001 b gspRunEvents
0011a028 00000004 b gspEventThread
0011a02c 00000004 b gspEvent
0011a030 00000001 b gspGpuRight
0011a031 00000001 b gspThreadId
0011a034 00000004 b gspSharedMem
0011a038 00000004 b gspSharedMemHandle
0011a03c 00000004 b gspRefCount
0011a040 00000004 b gspGpuHandle
0011a044 00000001 b flagValue.0
0011a045 00000001 b flagInit.1
0011a048 00000004 b serviceName.6
0011a04c 00000001 b aptChainloadMediatype
0011a050 00000008 b aptChainloadTid
0011a058 00000001 b aptChainloadFlags
0011a05c 00001000 b aptParameters
0011b05c 00000004 b aptFlags
0011b060 00000001 b aptHomeButtonState
0011b064 00000004 b aptMessageFuncData
0011b068 00000004 b aptMessageFunc
0011b06c 0000000c b aptFirstHook
0011b078 00000001 b aptEventHandlerThreadQuit
0011b07c 00000004 b aptEventHandlerThread
0011b080 00000008 b aptSleepEvent
0011b088 00000008 b aptReceiveEvent
0011b090 00000008 b aptEvents
0011b098 00000004 b aptLockHandle
0011b09c 00000004 b aptRefCount
0011b0a0 00000001 b usingIrrst
0011b0a4 00000004 b hidRefCount
0011b0a8 00000006 b gRate
0011b0b0 00000006 b aVec
0011b0b8 00000004 b cPos
0011b0bc 00000004 b tPos
0011b0c0 00000004 b kRepeat
0011b0c4 00000004 b kUp
0011b0c8 00000004 b kDown
0011b0cc 00000004 b kHeld
0011b0d0 00000004 b kOld
0011b0d4 00000004 B hidSharedMem
0011b0d8 00000014 B hidEvents
0011b0ec 00000004 B hidMemHandle
0011b0f0 00000004 B hidHandle
0011b0f4 00000004 b ptmSysmRefCount
0011b0f8 00000004 b ptmSysmHandle
0011b100 00000080 b fsExemptArchives
0011b180 00000004 b fsuRefCount
0011b184 00000004 b fsuHandle
0011b188 00000004 V __ctru_linear_heap_size
0011b18c 00000004 V __ctru_heap_size
0011b190 00000004 B __ctru_linear_heap
0011b194 00000004 B __ctru_heap
0011b198 00000004 B __system_retAddr
0011b19c 00000004 B __system_argv
0011b1a0 00000004 B __system_argc
0011b1a4 b saved_stack
0011b1ac 00000004 b arbiter
0011b1b0 00000004 B __3dslink_host
0011b1b4 00000004 b srvRefCount
0011b1b8 00000004 b srvHandle
0011b1bc 00000004 b currentAddr
0011b1c0 00000004 b maxAddr
0011b1c4 00000004 b minAddr
0011b1c8 00000004 b irrstRefCount
0011b1cc 00000004 b csPos
0011b1d0 00000004 b kHeld
0011b1d4 00000004 B irrstSharedMem
0011b1d8 00000004 B irrstEvent
0011b1dc 00000004 B irrstMemHandle
0011b1e0 00000004 B irrstHandle
0011b1e4 00000004 b srvPmHandle
0011b1e8 00000540 b archive_devices
0011b728 00000004 b archive_device_cwd
0011b72c 00000001 b archive_initialized
0011b730 0000000c b __sinit_recursive_mutex
0011b73c 0000000c b __sfp_recursive_mutex
0011b748 00000028 B __malloc_current_mallinfo
0011b770 00000004 B __malloc_max_total_mem
0011b774 00000004 B __malloc_max_sbrked_mem
0011b778 00000004 B __malloc_top_pad
0011b77c 0000000c b __malloc_recursive_mutex
0011b788 0000000c B __atexit_recursive_mutex
0011b794 00000004 b heap_start.0
0011b798 00000004 B fake_heap_start
0011b79c 00000004 B fake_heap_end
0011b7a0 00000400 b temp_cwd
0011bba0 00000004 b __hndl_lock
0011bba4 B __tls_start
0011c7ac B __bss_end__
0011c7ac A __end__
0011c7ac B __tls_end
