         w __deregister_frame_info
         w __register_frame_info
         w __syscall_lock_close_recursive
         w userAppExit
         w userAppInit
00000000 00000802 B __ctru_dev_utf16_buf
00000000 b _TLS_MODULE_BASE_
00000000 a shift
00000000 a shift
00000804 00000401 B __ctru_dev_path_buf
00100000 A __start__
00100000 T _start
00100008 T __service_ptr
0010000c T __apt_appid
00100010 T __heap_size
00100014 T __linear_heap_size
00100018 T __system_arglist
0010001c T __system_runflags
00100020 t startup
00100058 t ClearMem
0010006c t ClrLoop
00100094 T _init
001000ac t .udivsi3_skip_div0_test
001000ac T __aeabi_uidiv
001000ac 000001ec T __udivsi3
00100298 00000020 T __aeabi_uidivmod
001002b8 00000004 W __aeabi_idiv0
001002b8 00000004 W __aeabi_ldiv0
001002bc T __aeabi_drsub
001002c4 000002b0 T __aeabi_dsub
001002c4 000002b0 T __subdf3
001002c8 000002ac T __adddf3
001002c8 000002ac T __aeabi_dadd
00100574 00000024 T __aeabi_ui2d
00100574 00000024 T __floatunsidf
00100598 00000028 T __aeabi_i2d
00100598 00000028 T __floatsidf
001005c0 00000048 T __aeabi_f2d
001005c0 00000048 T __extendsfdf2
00100608 00000074 T __aeabi_ul2d
00100608 00000074 T __floatundidf
0010061c 00000060 T __aeabi_l2d
0010061c 00000060 T __floatdidf
0010067c T __aeabi_ldivmod
00100750 T __aeabi_uldivmod
001007a8 00000390 T strcmp
00100b30 T __aeabi_idiv
00100b30 00000220 T __divsi3
00100b38 t .divsi3_skip_div0_test
00100d50 00000020 T __aeabi_idivmod
00100d70 t __do_global_dtors_aux
00100db0 t frame_dummy
00100ddc 000001c4 T init_player
00100fa0 00000144 T Init_BG
001010e4 00000084 T rotacionDelFondo
00101168 00000090 T shoot_bullet
001011f8 000000a8 T shoot_bullet_2
001012a0 0000006c T draw_bullets
0010130c 00000068 T draw_bullets_top
00101378 00000150 T orb_movement
001014c8 00000188 T player_logic
00101650 000000e0 T bullet_logic
00101730 00000398 T main
00101ac8 000001c8 T initialize_object
00101c90 00000008 T deinitialize_object
00101c98 00000090 T update_object
00101d28 000000cc T draw_sprite_animation
00101df4 00000044 t C2Di_FrameEndHook
00101e38 0000036c T C2D_Init
001021a4 0000004c T C2D_Fini
001021f0 000000b8 T C2D_Prepare
001022a8 00000048 T C2D_Flush
001022f0 00000104 T C2D_SceneSize
001023f4 00000058 T C2D_CreateScreenTarget
0010244c 00000064 T C2D_TargetClear
001024b0 0000013c T C2Di_CalcQuad
001025ec 00000058 T C2Di_AppendQuad
00102644 00000550 T C2Di_Update
00102b94 000002b0 T C2D_DrawImage
00102e44 0000006c T C2D_SpriteSheetLoadFromHandle
00102eb0 00000048 T C2D_SpriteSheetLoad
00102ef8 00000028 T C2D_SpriteSheetFree
00102f20 00000008 T C2D_SpriteSheetCount
00102f28 0000002c T C2D_SpriteSheetGetImage
00102f54 00000004 W C3Di_LightEnvUpdate
00102f58 00000004 W C3Di_LightEnvDirty
00102f5c 000000b4 t C3Di_AptEventHook
00103010 00000004 W C3Di_GasUpdate
00103014 000001e0 T C3D_Init
001031f4 00000098 T C3D_SetViewport
0010328c 000004e8 T C3Di_UpdateContext
00103774 000000e0 T C3Di_SplitFrame
00103854 00000010 T C3D_GetCmdBufUsage
00103864 00000044 T C3D_Fini
001038a8 00000114 T C3D_BindProgram
001039bc 0000004c t onVBlank0
00103a08 0000004c t onVBlank1
00103a54 00000080 t C3Di_RenderTargetDestroy
00103ad4 000000f4 t onQueueFinish
00103bc8 00000038 T C3Di_RenderQueueEnableVBlank
00103c00 00000030 T C3Di_RenderQueueDisableVBlank
00103c30 00000060 T C3Di_RenderQueueInit
00103c90 000000b0 T C3Di_RenderQueueExit
00103d40 00000034 T C3Di_RenderQueueWaitDone
00103d74 000000e4 T C3D_FrameBegin
00103e58 00000048 T C3D_FrameDrawOn
00103ea0 00000058 T C3D_FrameSplit
00103ef8 000001d8 T C3D_FrameEnd
001040d0 0000001c T C3D_FrameEndHook
001040ec 00000018 T C3D_GetDrawingTime
00104104 00000018 T C3D_GetProcessingTime
0010411c 00000184 T C3D_RenderTargetCreate
001042a0 000000a8 T C3D_RenderTargetSetOutput
00104348 000000fc T C3D_SyncTextureCopy
00104444 00000294 T C3D_TexInitWithParams
001046d8 000000c8 T C3D_TexLoadImage
001047a0 00000044 T C3D_TexBind
001047e4 00000074 T C3D_TexDelete
00104858 0000016c T C3Di_SetTex
001049c4 000003f4 t Tex3DSi_ImportCommon
00104db8 00000038 T Tex3DS_TextureImportStdio
00104df0 00000008 T Tex3DS_GetNumSubTextures
00104df8 0000001c T Tex3DS_GetSubTexture
00104e14 00000004 T Tex3DS_TextureFree
00104e18 0000001c T C3D_CalcColorBufSize
00104e34 0000001c T C3D_CalcDepthBufSize
00104e50 00000044 T C3D_SetFrameBuf
00104e94 0000016c T C3Di_FrameBufBind
00105000 000000c8 T C3D_FrameBufClear
001050c8 00000044 T C3D_FrameBufTransfer
0010510c 00000034 T C3D_GetTexEnv
00105140 00000024 T C3Di_TexEnvBind
00105164 00000218 T C3D_DrawElements
0010537c 00000070 T C3D_ProcTexInit
001053ec 00000054 T C3D_ProcTexBind
00105440 0000005c T C3D_ProcTexLutBind
0010549c 000000a4 T ProcTexLut_FromArray
00105540 0000017c T C3Di_ProcTexUpdate
001056bc 00000068 T C3Di_ProcTexDirty
00105724 00000024 T BufInfo_Init
00105748 00000080 T BufInfo_Add
001057c8 00000040 T C3D_SetBufInfo
00105808 00000048 T C3Di_BufInfoBind
00105850 00000040 T C3D_DepthMap
00105890 0000001c T C3D_CullFace
001058ac 00000040 T C3D_StencilTest
001058ec 00000024 T C3D_StencilOp
00105910 0000001c T C3D_BlendingColor
0010592c 00000024 T C3D_EarlyDepthTest
00105950 0000002c T C3D_DepthTest
0010597c 0000002c T C3D_AlphaTest
001059a8 00000050 T C3D_AlphaBlend
001059f8 00000030 T C3D_FragOpMode
00105a28 00000044 T C3D_FragOpShadow
00105a6c 000001ac T C3Di_EffectBind
00105c18 00000028 T AttrInfo_Init
00105c40 00000094 T AttrInfo_AddLoader
00105cd4 00000054 T C3D_SetAttrInfo
00105d28 00000080 T C3Di_AttrInfoBind
00105da8 000000a8 T C3D_ImmSendAttrib
00105e50 00000280 T C3D_UpdateUniforms
001060d0 000000c0 T C3Di_DirtyUniforms
00106190 000000d8 T C3Di_LoadShaderUniforms
00106268 00000028 T C3Di_ClearShaderUniforms
00106290 000000cc T Mtx_Ortho
0010635c 000000cc T Mtx_OrthoTilt
00106428 00000024 t addrMapNodeComparator(rbtree_node const*, rbtree_node const*)
0010644c 00000004 t addrMapNodeDestructor(rbtree_node*)
00106450 00000250 T vramMemAlignAt
001066a0 0000000c T vramAlloc
001066ac 0000000c T vramAllocAt
001066b8 00000090 T vramFree
00106748 00000024 t addrMapNodeComparator(rbtree_node const*, rbtree_node const*)
0010676c 00000004 t addrMapNodeDestructor(rbtree_node*)
00106770 00000120 T linearMemAlign
00106890 00000008 T linearAlloc
00106898 0000005c T linearFree
001068f4 00000080 T MemPool::CoalesceRight(MemBlock*)
00106974 0000016c T MemPool::Allocate(MemChunk&, unsigned long, int)
00106ae0 000000fc T MemPool::Deallocate(MemChunk const&)
00106bdc 00000030 T MemPool::GetFreeSpace()
00106c0c 00000008 t romfs_close
00106c14 000000c0 t romfs_seek
00106cd4 00000024 t romfs_dirreset
00106cf8 000000c8 t fill_dir
00106dc0 0000028c t romfs_dirnext
0010704c 00000084 t romfs_free
001070d0 000000d4 t searchForFile.constprop.0
001071a4 000000d8 t searchForDir.constprop.0
0010727c 000001c0 t navigateToDir.constprop.0
0010743c 0000010c t romfs_open
00107548 0000004c t romfs_chdir
00107594 00000070 t romfs_diropen
00107604 00000174 t romfs_stat
00107778 00000008 t romfs_dirclose
00107780 00000084 t romfs_fstat
00107804 000000d0 t romfs_read
001078d4 0000028c T romfsMountFromFile
00107b60 00000098 T romfsMountFromCurrentProcess
00107bf8 00000260 T romfsMountSelf
00107e58 000000a0 T romfsUnmount
00107ef8 00000074 T osConvertVirtToPhys
00107f6c 00000054 T osGetTimeRef
00107fc0 000000ec T osGetTime
001080b0 00000038 T osTickCounterRead
001080e8 00000034 T __ctru_speedup_config
0010811c 000000d0 t gfxPresentFramebuffer
001081ec 0000001c T gfxIsWide
00108208 000000ec T gfxSetScreenFormat
001082f4 000000e0 T gfxInit
001083d4 00000010 T gfxInitDefault
001083e4 000000b4 T gfxExit
00108498 000000a0 T gfxGetFramebuffer
00108538 00000030 T gfxScreenSwapBuffers
00108568 000001d4 T shaderInstanceInit
0010873c 00000018 T shaderInstanceGetUniformLocation
00108754 0000001c T shaderProgramInit
00108770 00000064 T shaderProgramFree
001087d4 00000080 T shaderProgramSetVsh
00108854 000008e0 T shaderProgramConfigure
00109134 000001cc t DVLE_GenerateOutmap.part.0
00109300 000001b4 T DVLB_ParseFile
001094b4 00000038 T DVLB_Free
001094ec 00000074 T DVLE_GetUniformRegister
00109560 00000010 T GX_BindQueue
00109570 00000078 T GX_ProcessCommandList
001095e8 00000074 T GX_MemoryFill
0010965c 00000070 T GX_DisplayTransfer
001096cc 00000074 T GX_TextureCopy
00109740 00000068 t gxCmdQueueDoCommands.part.0
001097a8 000000c8 T gxCmdQueueInterrupt
00109870 0000004c T gxCmdQueueClear
001098bc 000000f8 T gxCmdQueueAdd
001099b4 00000080 T gxCmdQueueRun
00109a34 00000060 T gxCmdQueueStop
00109a94 00000074 T gxCmdQueueWait
00109b08 0000013c T GPUCMD_Add
00109c44 000000b0 T GPUCMD_Split
00109cf4 00000034 T f32tof16
00109d28 00000034 T f32tof24
00109d5c 00000038 T f32tof31
00109d94 00000c58 t gspHardwareInit
0010a9ec 00000248 T gspInit
0010ac34 000000f0 T gspExit
0010ad24 00000010 T gspHasGpuRight
0010ad34 000000a0 T gspPresentBuffer
0010add4 00000030 T gspSetEventCallback
0010ae04 00000044 T gspWaitForEvent
0010ae48 0000004c T gspWaitForAnyEvent
0010ae94 00000158 t gspEventThreadMain
0010afec 00000130 T gspSubmitGxCommand
0010b11c 00000050 T GSPGPU_FlushDataCache
0010b16c 00000034 T GSPGPU_SetLcdForceBlack
0010b1a0 00000068 T GSPGPU_AcquireRight
0010b208 00000048 T GSPGPU_ReleaseRight
0010b250 0000007c T GSPGPU_ImportDisplayCaptureInfo
0010b2cc 0000002c T GSPGPU_SaveVramSysArea
0010b2f8 0000002c T GSPGPU_RestoreVramSysArea
0010b324 000001a4 t aptConvertScreenForCapture
0010b4c8 00000008 W aptDspSleep
0010b4d0 00000004 W aptDspWakeup
0010b4d4 00000004 W aptDspCancel
0010b4d8 00000158 T aptSendCommand
0010b630 00000044 t aptExitProcess
0010b674 000003b0 T aptExit
0010ba24 000000e0 T aptHandleSleep
0010bb04 00000030 T aptHook
0010bb34 00000030 T aptUnhook
0010bb64 00000084 T APT_SleepIfShellClosed
0010bbe8 00000084 T aptSetSleepAllowed
0010bc6c 00000084 T APT_UnlockTransition
0010bcf0 000004a4 t aptEventHandler
0010c194 000000b0 T APT_ReceiveParameter
0010c244 000000b0 t aptReceiveParameter.constprop.0
0010c2f8 000002ac t aptScreenTransfer
0010c5a4 00000344 t aptWaitForWakeUp.isra.0
0010c8e8 00000100 T aptJumpToHomeMenu
0010c9e8 00000048 T aptMainLoop
0010ca30 0000022c T aptInit
0010cc5c 0000007c T APT_CheckNew3DS
0010ccd8 00000024 W hidShouldUseIrrst
0010ccfc 0000018c T hidInit
0010ce88 000000e8 T hidExit
0010cf70 000002a4 T hidScanInput
0010d214 00000010 T hidKeysHeld
0010d224 00000010 T hidKeysDown
0010d234 00000018 T hidCircleRead
0010d24c 00000074 T ptmSysmInit
0010d2c0 0000003c T ptmSysmExit
0010d2fc 00000034 T PTMSYSM_ConfigureNew3DSCPU
0010d330 000000cc T fsInit
0010d3fc 0000003c T fsExit
0010d438 00000060 T fsExemptFromSession
0010d498 00000050 T fsUnexemptFromSession
0010d4e8 000000cc T FSUSER_OpenFile
0010d5b4 000000d4 T FSUSER_OpenFileDirectly
0010d688 000000bc T FSUSER_DeleteFile
0010d744 000000f8 T FSUSER_RenameFile
0010d83c 000000bc T FSUSER_DeleteDirectory
0010d8f8 000000d4 T FSUSER_CreateFile
0010d9cc 000000c4 T FSUSER_CreateDirectory
0010da90 000000f8 T FSUSER_RenameDirectory
0010db88 000000b4 T FSUSER_OpenDirectory
0010dc3c 00000098 T FSUSER_OpenArchive
0010dcd4 0000008c T FSUSER_CloseArchive
0010dd60 00000074 T FSUSER_GetSdmcArchiveResource
0010ddd4 00000064 T FSUSER_IsSdmcWritable
0010de38 00000058 T FSFILE_Read
0010de90 00000060 T FSFILE_Write
0010def0 0000003c T FSFILE_GetSize
0010df2c 00000028 T FSFILE_SetSize
0010df54 0000003c T FSFILE_Close
0010df90 00000024 T FSFILE_Flush
0010dfb4 00000050 T FSDIR_Read
0010e004 0000003c T FSDIR_Close
0010e040 000000c4 t buffer_read
0010e104 000000d0 t iov_read
0010e1d4 00000138 t iov_memmove
0010e30c 000001dc t decompress_rle
0010e4e8 00000244 t decompress_lzss
0010e72c 00000424 t decompress_lz11
0010eb50 000002d8 t decompress_huff
0010ee28 00000010 T decompressCallback_Stdio
0010ee38 000000dc T decompressHeader
0010ef14 00000240 T decompressV
0010f154 00000010 T rbtree_init
0010f164 000001b4 t do_insert
0010f318 00000008 T rbtree_insert
0010f320 00000090 T rbtree_rotate
0010f3b0 00000318 T rbtree_remove
0010f6c8 00000074 T rbtree_find
0010f73c 000000e8 T utf16_to_utf8
0010f824 00000064 T decode_utf16
0010f888 000000c0 T utf8_to_utf16
0010f948 000001e0 W __system_allocateHeaps
0010fb28 00000038 W __libctru_init
0010fb60 00000170 W __system_initArgv
0010fcd0 T svcControlMemory
0010fcf0 T svcQueryMemory
0010fd20 T svcExitProcess
0010fd28 T svcCreateThread
0010fd48 T svcExitThread
0010fd50 T svcSleepThread
0010fd58 T svcReleaseMutex
0010fd60 T svcCreateEvent
0010fd74 T svcSignalEvent
0010fd7c T svcClearEvent
0010fd84 T svcMapMemoryBlock
0010fd8c T svcUnmapMemoryBlock
0010fd94 T svcCreateAddressArbiter
0010fda8 T svcArbitrateAddressNoTimeout
0010fdb0 T svcCloseHandle
0010fdb8 T svcWaitSynchronization
0010fdc0 T svcWaitSynchronizationN
0010fde8 T svcDuplicateHandle
0010fdfc T svcGetSystemTick
0010fe04 T svcConnectToPort
0010fe18 T svcSendSyncRequest
0010fe20 T svcGetResourceLimit
0010fe34 T svcGetResourceLimitLimitValues
0010fe3c T svcGetResourceLimitCurrentValues
0010fe44 T svcBreak
0010fe4c W initSystem
0010fe9c W __ctru_exit
0010feb4 T __aeabi_read_tp
0010fec0 0000000c T __sync_init
0010fecc 00000018 T __sync_fini
0010fee4 0000002c T syncArbitrateAddress
0010ff10 000000b0 T LightLock_Lock
0010ffc0 00000040 T LightLock_Unlock
00110000 00000024 T RecursiveLock_Init
00110024 00000030 T RecursiveLock_Lock
00110054 00000054 T RecursiveLock_Unlock
001100a8 00000040 T LightEvent_Init
001100e8 000000a4 T LightEvent_Clear
0011018c 000000c8 T LightEvent_Signal
00110254 00000050 T LightEvent_TryWait
001102a4 000000b0 T LightEvent_Wait
00110354 00000084 W envGetHandle
001103d8 00000050 W envDestroyHandles
00110428 00000130 T srvInit
00110558 00000058 T srvExit
001105b0 00000060 T srvEnableNotification
00110610 000000a0 T srvGetServiceHandleDirect
001106b0 00000038 T srvGetServiceHandle
001106e8 00000034 T srvSubscribe
0011071c 00000060 T srvReceiveNotification
0011077c 00000038 T srvPublishToSubscriber
001107b4 000001d0 T threadCreate
00110984 0000002c T threadFree
001109b0 00000024 T threadJoin
001109d4 00000030 T threadGetCurrent
00110a04 00000040 T threadExit
00110a44 00000020 t _thread_begin
00110a64 000000b4 t mappableFindAddressWithin
00110b18 00000028 T mappableInit
00110b40 00000080 T mappableAlloc
00110bc0 00000004 T mappableFree
00110bc4 00000164 T irrstInit
00110d28 000000cc T irrstExit
00110df4 000000b4 T irrstScanInput
00110ea8 00000024 T irrstKeysHeld
00110ecc 0000000c T srvPmGetSessionHandle
00110ed8 0000005c T rbtree_node_next
00110f34 00000054 T encode_utf16
00110f88 000000e0 T encode_utf8
00111068 0000013c T decode_utf8
001111a4 00000030 W __appInit
001111d4 00000030 T __syscall_getreent
00111204 00000064 T __syscall_gettod_r
00111268 00000004 T __syscall_lock_acquire
0011126c 00000004 T __syscall_lock_release
00111270 00000004 T __syscall_lock_init_recursive
00111274 00000004 T __syscall_lock_acquire_recursive
00111278 00000004 T __syscall_lock_release_recursive
0011127c 00000004 T __syscall_exit
00111280 00000050 T initThreadVars
001112d0 00000080 T __system_initSyscalls
00111350 00000030 W __appExit
00111380 00000090 W __libctru_exit
00111410 00000014 t archive_link
00111424 00000014 t archive_dirreset
00111438 00000014 t archive_chmod
0011144c 00000024 t error_cmp
00111470 00000050 t archive_translate_error
001114c0 000000c8 t archive_seek
00111588 0000007c t _archiveInit.part.0
00111604 000000c4 t archiveFindDevice.part.0
001116c8 0000025c t archive_utf16path
00111924 000000a0 t _archiveUnmountDeviceStruct.part.0
001119c4 00000014 t archive_fchmod
001119d8 00000014 t archive_statvfs
001119ec 00000164 t _archiveMountDevice
00111b50 000000e8 t archive_diropen
00111c38 000000a4 t archive_fstat
00111cdc 0000006c t archive_close
00111d48 0000006c t archive_fsync
00111db4 00000070 t archive_dirclose
00111e24 000000e8 t sdmc_statvfs
00111f0c 000000ec t archive_chdir
00111ff8 0000007c t archive_ftruncate
00112074 000000ac t archive_read
00112120 000000a4 t archive_unlink
001121c4 000000bc t archive_rmdir
00112280 000000dc t archive_mkdir
0011235c 0000019c t archive_stat
001124f8 0000015c t archive_dirnext
00112654 000000ec t archive_write
00112740 000001d4 t archive_open
00112914 00000278 t archive_rename
00112b8c 0000019c T archiveMountSdmc
00112d28 00000054 T archiveUnmountAll
00112d80 0000022c T cosf
00112fac 00000024 t with_errnof
00112fd0 0000001c T __math_invalidf
00112ff0 000000c0 T cos
001130b0 0000024c T sinf
00113300 000000c8 T sin
001133c8 00000308 T __ieee754_rem_pio2
001136d0 00000158 T __kernel_cos
00113828 000008c0 T __kernel_rem_pio2
001140e8 000000c0 T __kernel_sin
001141a8 00000014 T fabs
001141c0 00000144 T floor
00114308 00000140 T scalbn
00114448 00000120 T __udivmoddi4
00114568 00000078 T bsearch
001145e0 00000020 T calloc
00114600 000000c0 T _calloc_r
001146c0 0000000c T __errno
001146cc 00000034 T exit
00114700 0000015c T _fclose_r
0011485c 00000018 T fclose
00114874 00000234 T __sflush_r
00114aa8 00000094 T _fflush_r
00114b3c 00000038 T fflush
00114b74 0000000c T _cleanup_r
00114b80 00000184 T __sinit
00114d04 00000134 T __sfp
00114e38 0000000c T __sfp_lock_acquire
00114e44 0000000c T __sfp_lock_release
00114e50 0000003c T __libc_fini_array
00114e8c 00000134 T _fopen_r
00114fc0 00000020 T fopen
00114fe0 000002d0 T _fread_r
001152b0 00000038 T fread
001152e8 000000f8 T _malloc_trim_r
001153e0 000002e8 T _free_r
001156c8 0000001c T _fseek_r
001156e4 00000590 T _fseeko_r
00115c74 00000068 T _fwalk
00115cdc 00000070 T _fwalk_reent
00115d4c 00000084 T __libc_init_array
00115dd0 00000138 T __smakebuf_r
00115f08 0000008c T __swhatbuf_r
00115f94 00000020 T memalign
00115fb4 0000014c T _memalign_r
00116100 00000018 T malloc
00116118 00000018 T free
00116130 000007e4 T _malloc_r
00116914 000000b0 T memcmp
001169c4 00000118 T memcpy
00116adc 000000f4 T memset
00116bd0 0000000c T __malloc_lock
00116bdc 0000000c T __malloc_unlock
00116be8 00000034 T printf
00116c1c 0000001c t lflush
00116c38 00000198 T __srefill_r
00116dd0 0000025c T setvbuf
0011702c 00000044 T __sread
00117070 00000068 T __swrite
001170d8 00000044 T __sseek
0011711c 00000008 T __sclose
00117124 00000130 T strchr
00117254 0000005c T strlen
001172b0 000000e4 T strncat
00117394 000000e4 T strncmp
00117478 000000c4 T strncpy
0011753c 00000048 T strnlen
00117584 000001c4 t _strtoul_l.constprop.0
00117748 00000028 T strtoul
00117770 0000003c T time
001177ac 0000066c t get_arg
00117e18 0000339c T _vfprintf_r
0011b1b4 000000d0 t __sbprintf
0011b284 00000054 T _wcrtomb_r
0011b2d8 00000028 T _wcsrtombs_r
0011b300 0000013c T __swsetup_r
0011b43c 00000114 T __call_exitprocs
0011b550 000001b0 t quorem
0011b700 000011f8 T _dtoa_r
0011c8f8 000000c8 T __sflags
0011c9c0 0000000c T _localeconv_r
0011c9cc 00000010 T __locale_mb_cur_max
0011c9dc 000002f8 T __utf8_mbtowc
0011ccd4 000000e4 T memchr
0011cdb8 00000088 T _Balloc
0011ce40 0000001c T _Bfree
0011ce5c 000000f4 T __multadd
0011cf50 00000060 T __hi0bits
0011cfb0 0000009c T __lo0bits
0011d04c 000000a8 T __i2b
0011d0f4 00000204 T __multiply
0011d2f8 00000124 T __pow5mult
0011d41c 00000140 T __lshift
0011d55c 00000058 T __mcmp
0011d5b4 000001ec T __mdiff
0011d7a0 00000120 T __d2b
0011d8c0 00000088 T frexp
0011d948 0000066c t get_arg
0011dfb4 00000030 T __sprint_r
0011dfe4 000022ec T _vfiprintf_r
001202d0 000000d0 t __sbprintf
001203a0 00000188 T _wcsnrtombs_l
00120528 0000004c T _wcsnrtombs_r
00120574 000000f0 T __utf8_wctomb
00120664 0000005c T __assert_func
001206c0 0000003c T fiprintf
001206fc 000004b4 T __sfvwrite_r
00120bb0 00000150 T memmove
00120d00 000004a0 T _realloc_r
001211a0 00000014 T abort
001211b4 00000090 T _raise_r
00121244 00000018 T raise
0012125c 00000008 t null_write
00121264 00000018 T setDefaultDevice
0012127c 000000c8 T FindDevice
00121344 00000028 T RemoveDevice
0012136c 0000009c T AddDevice
00121408 00000020 T GetDeviceOpTab
00121428 00000078 T _fstat_r
001214a0 00000014 T _getpid_r
001214b4 00000030 T _gettimeofday_r
001214e4 00000008 T _isatty_r
001214ec 00000014 T _kill_r
00121500 00000084 T _lseek_r
00121584 000000c0 T _open_r
00121644 00000080 T _read_r
001216c4 00000078 T _sbrk_r
0012173c 00000080 T _write_r
001217bc 00000020 T _exit
001217dc 000001a4 T _concatenate_path
00121980 00000140 T chdir
00121ac0 00000008 T __flockfile
00121ac8 00000008 T __funlockfile
00121ad0 0000008c T __release_handle
00121b5c 000000b0 T __alloc_handle
00121c0c 0000003c T __get_handle
00121c48 000000f4 T _close_r
00121d3c 0000002c T __getreent
00121d68 0000001c T __libc_lock_acquire
00121d84 0000001c T __libc_lock_release
00121da0 0000001c T __libc_lock_init_recursive
00121dbc 0000001c T __libc_lock_acquire_recursive
00121dd8 0000001c T __libc_lock_release_recursive
00121df4 0000001c T __libc_lock_close_recursive
00121e10 00000048 T strrchr
00121e58 T _fini
00122000 00000008 r player_position
00122008 00000008 r boss1_pivot
00122008 00000008 r orb_pivot
00122008 00000008 r player_pivot
00122010 00000008 r orb_position
00122018 00000008 r boss1_position
0012216c 00000008 r s_defaultTint.0
00122178 R render2d_shbin
00122304 R render2d_shbin_end
00122304 R render2d_shbin_size
00122308 00000038 r CSWTCH.19
00122340 00000005 r colorFmtSizes
00122348 00000004 r depthFmtSizes
0012234c 00000010 r CSWTCH.9
00122380 00000070 r romFS_devoptab
00122414 00000008 r morton_y.2
0012241c 00000008 r morton_x.3
00122424 00000008 r s_sleepWakeEvents.4
00122488 00000030 r error_table
001224c0 00000070 r archive_devoptab
00122530 00000060 R __inv_pio4
00122590 000000e0 R __sincosf_table
00122670 00000080 r npio2_hw
001226f0 00000108 r two_over_pi
001227f8 00000040 r PIo2
00122838 00000010 r init_jk
00122848 00000004 R _global_impure_ptr
00122888 00000010 r zeroes.0
00122898 00000010 r blanks.1
001228a8 00000101 R _ctype_
001229bc r .LC2
00122aac 0000000c r p05.0
00122ab8 00000028 R __mprec_bigtens
00122ae0 000000c8 R __mprec_tens
00122ba8 0000006c R __action_table
00122c14 0000006c R __state_table
00122c80 00000100 R __chclass
00122d80 00000010 r zeroes.0
00122d90 00000010 r blanks.1
00122de0 00000070 R dotab_stdnull
00122e50 R __tdata_align
00122e54 r 
00122e54 R __exidx_end
00122e54 R __exidx_start
00123000 00000001 D rotacionFondo
00123004 00000004 d framerate
00123008 00000008 d framerateCounter
00123010 00000004 d queueLock
00123014 00000004 d kCount
00123018 00000004 d kInterval
0012301c 00000004 d kDelay
00123020 W __stacksize__
00123024 00000004 D _impure_ptr
00123028 00000460 d impure_data
00123488 00000004 D __malloc_sbrk_base
0012348c 00000004 D __malloc_trim_threshold
00123490 00000408 D __malloc_av_
00123898 0000016c D __global_locale
00123a04 0000008c D devoptab_list
00123a90 00000004 d defaultDevice
00123a94 00000400 d _current_working_directory
00123e94 00001000 d handles
00124e94 0000000c d __stderr_handle
00124ea0 0000000c d __stdout_handle
00124eac 0000000c d __stdin_handle
00124ec0 d _GLOBAL_OFFSET_TABLE_
00124ecc d __frame_dummy_init_array_entry
00124ecc D __init_array_start
00124ecc B __preinit_array_end
00124ecc B __preinit_array_start
00124ecc D __tdata_lma
00124ecc D __tdata_lma_end
00124ed0 d __do_global_dtors_aux_fini_array_entry
00124ed0 D __fini_array_start
00124ed0 D __init_array_end
00124ed4 D __bss_start__
00124ed4 D __fini_array_end
00124ed8 00000140 b player_sprite
00125018 00000058 b player_object
00125070 00000058 b orb_object
001250c8 000000c8 b boss1_sprite
00125190 00000058 b boss1_object
001251e8 00000048 B player
00125230 00000004 b general_spritesheet
00125238 00000028 B bullet_normal_sprite
00125260 00000004 B fondo1
00125264 00000004 B fondo2
00125268 00000004 B bulletmask
0012526c 000003c0 B bullets
0012562c 00000001 b focus
00125630 00000004 b t
00125634 00000004 b lastPrintTime
00125638 00000004 B fondoout
00125640 00004650 b sprites
00129c90 00002ee0 b orb_sprite
0012cb70 b completed.1
0012cb74 b object.0
0012cb90 000005a8 B __C2Di_Context
0012d138 00000040 b s_projBot
0012d178 00000040 b s_projTop
0012d1b8 00000004 b uLoc_mdlvMtx
0012d1bc 00000004 b uLoc_projMtx
0012d1c0 000002d0 B __C3D_Context
0012d490 0000000c b hookCookie
0012d4a0 00000010 b cpuTime
0012d4b0 00000004 b firstTarget
0012d4b4 00000008 b frameCounter
0012d4bc 00000004 b frameEndCb
0012d4c0 00000004 b frameEndCbData
0012d4c8 00000010 b gpuTime
0012d4d8 00000001 b inFrame
0012d4d9 00000001 b inSafeTransfer
0012d4da 00000001 b isTopStereo
0012d4dc 00000004 b lastTarget
0012d4e0 0000000c b linkedTarget
0012d4ec 00000001 b measureGpuTime
0012d4ed 00000001 b needSwapBot
0012d4ee 00000001 b needSwapTop
0012d4f0 00000004 B C3D_BoolUnifs
0012d4f4 00000002 B C3D_BoolUnifsDirty
0012d4f8 00000c00 B C3D_FVUnif
0012e0f8 000000c0 B C3D_FVUnifDirty
0012e1b8 00000020 B C3D_IVUnif
0012e1d8 00000008 B C3D_IVUnifDirty
0012e1e0 000000c0 b C3Di_FVUnifEverDirty
0012e2a0 00000008 b C3Di_IVUnifEverDirty
0012e2a8 00000018 b C3Di_ShaderFVecData
0012e2c0 00000008 b sVramPoolB
0012e2c8 00000008 b sVramPoolA
0012e2d0 0000000c b sAddrMap
0012e2e0 00000008 b sLinearPool
0012e2e8 0000000c b sAddrMap
0012e2f4 00000004 b romfs_mount_list
0012e2f8 00000004 V __romfs_path
0012e2fc 00000001 V __ctru_speedup
0012e300 00000004 b screenAlloc
0012e304 00000004 b screenFree
0012e308 00000002 b gfxIsDoubleBuf
0012e30c 00000002 b gfxCurBuf
0012e30e 00000001 b gfxIsVram
0012e30f 00000001 b gfxTopMode
0012e310 00000002 b gfxFramebufferFormats
0012e314 00000004 b gfxBottomFramebufferMaxSize
0012e318 00000004 b gfxTopFramebufferMaxSize
0012e320 00000008 b gfxBottomFramebuffers
0012e328 00000008 b gfxTopFramebuffers
0012e330 00000004 b boundQueue
0012e334 00000001 b shouldStop
0012e335 00000001 b isRunning
0012e336 00000001 b isActive
0012e338 00000004 b curQueue
0012e33c 00000004 B gpuCmdBufOffset
0012e340 00000004 B gpuCmdBufSize
0012e344 00000004 B gpuCmdBuf
0012e348 00000007 b gspEventCbOneShot
0012e350 0000001c b gspEventCbData
0012e36c 0000001c b gspEventCb
0012e388 00000038 b gspEvents
0012e3c0 00000004 b gspLastEvent
0012e3c4 00000001 b gspRunEvents
0012e3c8 00000004 b gspEventThread
0012e3cc 00000004 b gspEvent
0012e3d0 00000001 b gspGpuRight
0012e3d1 00000001 b gspThreadId
0012e3d4 00000004 b gspSharedMem
0012e3d8 00000004 b gspSharedMemHandle
0012e3dc 00000004 b gspRefCount
0012e3e0 00000004 b gspGpuHandle
0012e3e4 00000001 b flagValue.0
0012e3e5 00000001 b flagInit.1
0012e3e8 00000004 b serviceName.6
0012e3ec 00000001 b aptChainloadMediatype
0012e3f0 00000008 b aptChainloadTid
0012e3f8 00000001 b aptChainloadFlags
0012e3fc 00001000 b aptParameters
0012f3fc 00000004 b aptFlags
0012f400 00000001 b aptHomeButtonState
0012f404 00000004 b aptMessageFuncData
0012f408 00000004 b aptMessageFunc
0012f40c 0000000c b aptFirstHook
0012f418 00000001 b aptEventHandlerThreadQuit
0012f41c 00000004 b aptEventHandlerThread
0012f420 00000008 b aptSleepEvent
0012f428 00000008 b aptReceiveEvent
0012f430 00000008 b aptEvents
0012f438 00000004 b aptLockHandle
0012f43c 00000004 b aptRefCount
0012f440 00000001 b usingIrrst
0012f444 00000004 b hidRefCount
0012f448 00000006 b gRate
0012f450 00000006 b aVec
0012f458 00000004 b cPos
0012f45c 00000004 b tPos
0012f460 00000004 b kRepeat
0012f464 00000004 b kUp
0012f468 00000004 b kDown
0012f46c 00000004 b kHeld
0012f470 00000004 b kOld
0012f474 00000004 B hidSharedMem
0012f478 00000014 B hidEvents
0012f48c 00000004 B hidMemHandle
0012f490 00000004 B hidHandle
0012f494 00000004 b ptmSysmRefCount
0012f498 00000004 b ptmSysmHandle
0012f4a0 00000080 b fsExemptArchives
0012f520 00000004 b fsuRefCount
0012f524 00000004 b fsuHandle
0012f528 00000004 V __ctru_linear_heap_size
0012f52c 00000004 V __ctru_heap_size
0012f530 00000004 B __ctru_linear_heap
0012f534 00000004 B __ctru_heap
0012f538 00000004 B __system_retAddr
0012f53c 00000004 B __system_argv
0012f540 00000004 B __system_argc
0012f544 b saved_stack
0012f54c 00000004 b arbiter
0012f550 00000004 B __3dslink_host
0012f554 00000004 b srvRefCount
0012f558 00000004 b srvHandle
0012f55c 00000004 b currentAddr
0012f560 00000004 b maxAddr
0012f564 00000004 b minAddr
0012f568 00000004 b irrstRefCount
0012f56c 00000004 b csPos
0012f570 00000004 b kHeld
0012f574 00000004 B irrstSharedMem
0012f578 00000004 B irrstEvent
0012f57c 00000004 B irrstMemHandle
0012f580 00000004 B irrstHandle
0012f584 00000004 b srvPmHandle
0012f588 00000540 b archive_devices
0012fac8 00000004 b archive_device_cwd
0012facc 00000001 b archive_initialized
0012fad0 0000000c b __sinit_recursive_mutex
0012fadc 0000000c b __sfp_recursive_mutex
0012fae8 00000028 B __malloc_current_mallinfo
0012fb10 00000004 B __malloc_max_total_mem
0012fb14 00000004 B __malloc_max_sbrked_mem
0012fb18 00000004 B __malloc_top_pad
0012fb1c 0000000c b __malloc_recursive_mutex
0012fb28 0000000c B __atexit_recursive_mutex
0012fb34 00000004 b heap_start.0
0012fb38 00000004 B fake_heap_start
0012fb3c 00000004 B fake_heap_end
0012fb40 00000400 b temp_cwd
0012ff40 00000004 b __hndl_lock
0012ff44 B __tls_start
00130b4c B __bss_end__
00130b4c A __end__
00130b4c B __tls_end
